TN:
SF:src/renderer/src/App.tsx
FN:69,ShortcutsOverlay
FN:72,(anonymous_1)
FN:73,(anonymous_2)
FN:80,(anonymous_3)
FN:87,(anonymous_4)
FN:98,(anonymous_5)
FN:107,(anonymous_6)
FN:123,App
FN:126,(anonymous_8)
FN:127,(anonymous_9)
FN:128,(anonymous_10)
FN:129,(anonymous_11)
FN:130,(anonymous_12)
FN:132,(anonymous_13)
FN:133,(anonymous_14)
FN:134,(anonymous_15)
FN:137,(anonymous_16)
FN:138,(anonymous_17)
FN:140,(anonymous_18)
FN:144,(anonymous_19)
FN:148,(anonymous_20)
FN:156,(anonymous_21)
FN:162,(anonymous_22)
FN:163,(anonymous_23)
FN:173,(anonymous_24)
FN:177,(anonymous_25)
FN:249,(anonymous_26)
FN:255,(anonymous_27)
FN:257,(anonymous_28)
FN:261,(anonymous_29)
FN:279,(anonymous_30)
FN:282,(anonymous_31)
FN:291,(anonymous_32)
FN:304,(anonymous_33)
FNF:34
FNH:0
FNDA:0,ShortcutsOverlay
FNDA:0,(anonymous_1)
FNDA:0,(anonymous_2)
FNDA:0,(anonymous_3)
FNDA:0,(anonymous_4)
FNDA:0,(anonymous_5)
FNDA:0,(anonymous_6)
FNDA:0,App
FNDA:0,(anonymous_8)
FNDA:0,(anonymous_9)
FNDA:0,(anonymous_10)
FNDA:0,(anonymous_11)
FNDA:0,(anonymous_12)
FNDA:0,(anonymous_13)
FNDA:0,(anonymous_14)
FNDA:0,(anonymous_15)
FNDA:0,(anonymous_16)
FNDA:0,(anonymous_17)
FNDA:0,(anonymous_18)
FNDA:0,(anonymous_19)
FNDA:0,(anonymous_20)
FNDA:0,(anonymous_21)
FNDA:0,(anonymous_22)
FNDA:0,(anonymous_23)
FNDA:0,(anonymous_24)
FNDA:0,(anonymous_25)
FNDA:0,(anonymous_26)
FNDA:0,(anonymous_27)
FNDA:0,(anonymous_28)
FNDA:0,(anonymous_29)
FNDA:0,(anonymous_30)
FNDA:0,(anonymous_31)
FNDA:0,(anonymous_32)
FNDA:0,(anonymous_33)
DA:27,0
DA:39,0
DA:52,0
DA:60,0
DA:70,0
DA:72,0
DA:73,0
DA:74,0
DA:75,0
DA:76,0
DA:79,0
DA:80,0
DA:83,0
DA:87,0
DA:99,0
DA:108,0
DA:124,0
DA:126,0
DA:127,0
DA:128,0
DA:129,0
DA:130,0
DA:132,0
DA:133,0
DA:134,0
DA:135,0
DA:137,0
DA:138,0
DA:140,0
DA:141,0
DA:144,0
DA:145,0
DA:148,0
DA:149,0
DA:152,0
DA:153,0
DA:154,0
DA:156,0
DA:157,0
DA:158,0
DA:159,0
DA:162,0
DA:163,0
DA:164,0
DA:165,0
DA:166,0
DA:167,0
DA:168,0
DA:172,0
DA:173,0
DA:176,0
DA:178,0
DA:179,0
DA:181,0
DA:182,0
DA:183,0
DA:184,0
DA:185,0
DA:186,0
DA:187,0
DA:190,0
DA:192,0
DA:193,0
DA:194,0
DA:195,0
DA:196,0
DA:198,0
DA:202,0
DA:203,0
DA:204,0
DA:205,0
DA:206,0
DA:210,0
DA:211,0
DA:212,0
DA:213,0
DA:214,0
DA:215,0
DA:217,0
DA:221,0
DA:222,0
DA:223,0
DA:224,0
DA:225,0
DA:226,0
DA:227,0
DA:228,0
DA:229,0
DA:232,0
DA:235,0
DA:236,0
DA:237,0
DA:238,0
DA:241,0
DA:242,0
DA:243,0
DA:244,0
DA:247,0
DA:248,0
DA:249,0
DA:255,0
DA:256,0
DA:257,0
DA:260,0
DA:261,0
DA:264,0
DA:280,0
DA:283,0
DA:291,0
DA:304,0
LF:110
LH:0
BRDA:74,0,0,0
BRDA:74,0,1,0
BRDA:92,1,0,0
BRDA:92,1,1,0
BRDA:165,2,0,0
BRDA:165,2,1,0
BRDA:167,3,0,0
BRDA:167,3,1,0
BRDA:179,4,0,0
BRDA:179,4,1,0
BRDA:179,4,2,0
BRDA:181,5,0,0
BRDA:181,5,1,0
BRDA:183,6,0,0
BRDA:183,6,1,0
BRDA:184,7,0,0
BRDA:184,7,1,0
BRDA:185,8,0,0
BRDA:185,8,1,0
BRDA:190,9,0,0
BRDA:190,9,1,0
BRDA:190,10,0,0
BRDA:190,10,1,0
BRDA:192,11,0,0
BRDA:192,11,1,0
BRDA:192,12,0,0
BRDA:192,12,1,0
BRDA:192,12,2,0
BRDA:194,13,0,0
BRDA:194,13,1,0
BRDA:202,14,0,0
BRDA:202,14,1,0
BRDA:202,15,0,0
BRDA:202,15,1,0
BRDA:205,16,0,0
BRDA:205,16,1,0
BRDA:210,17,0,0
BRDA:210,17,1,0
BRDA:210,18,0,0
BRDA:210,18,1,0
BRDA:213,19,0,0
BRDA:213,19,1,0
BRDA:215,20,0,0
BRDA:215,20,1,0
BRDA:221,21,0,0
BRDA:221,21,1,0
BRDA:221,22,0,0
BRDA:221,22,1,0
BRDA:221,22,2,0
BRDA:221,22,3,0
BRDA:224,23,0,0
BRDA:224,23,1,0
BRDA:226,24,0,0
BRDA:226,24,1,0
BRDA:226,25,0,0
BRDA:226,25,1,0
BRDA:227,26,0,0
BRDA:227,26,1,0
BRDA:235,27,0,0
BRDA:235,27,1,0
BRDA:235,28,0,0
BRDA:235,28,1,0
BRDA:241,29,0,0
BRDA:241,29,1,0
BRDA:241,30,0,0
BRDA:241,30,1,0
BRDA:247,31,0,0
BRDA:247,31,1,0
BRDA:247,32,0,0
BRDA:247,32,1,0
BRDA:247,32,2,0
BRDA:260,33,0,0
BRDA:260,33,1,0
BRDA:304,34,0,0
BRDA:304,34,1,0
BRF:75
BRH:0
end_of_record
TN:
SF:src/renderer/src/main.tsx
FNF:0
FNH:0
DA:7,0
LF:1
LH:0
BRF:0
BRH:0
end_of_record
TN:
SF:src/renderer/src/components/Onboarding.tsx
FN:26,getCheckState
FN:31,getExpiryState
FN:37,StatusIcon
FN:50,getInstruction
FN:58,CheckRow
FN:112,Onboarding
FN:121,(anonymous_6)
FN:127,(anonymous_7)
FN:135,(anonymous_8)
FN:136,(anonymous_9)
FN:141,(anonymous_10)
FN:142,(anonymous_11)
FN:147,(anonymous_12)
FN:148,(anonymous_13)
FN:165,(anonymous_14)
FNF:15
FNH:0
FNDA:0,getCheckState
FNDA:0,getExpiryState
FNDA:0,StatusIcon
FNDA:0,getInstruction
FNDA:0,CheckRow
FNDA:0,Onboarding
FNDA:0,(anonymous_6)
FNDA:0,(anonymous_7)
FNDA:0,(anonymous_8)
FNDA:0,(anonymous_9)
FNDA:0,(anonymous_10)
FNDA:0,(anonymous_11)
FNDA:0,(anonymous_12)
FNDA:0,(anonymous_13)
FNDA:0,(anonymous_14)
DA:27,0
DA:28,0
DA:32,0
DA:33,0
DA:34,0
DA:38,0
DA:40,0
DA:42,0
DA:44,0
DA:46,0
DA:51,0
DA:52,0
DA:53,0
DA:54,0
DA:55,0
DA:69,0
DA:113,0
DA:114,0
DA:115,0
DA:121,0
DA:122,0
DA:123,0
DA:126,0
DA:128,0
DA:129,0
DA:134,0
DA:135,0
DA:136,0
DA:140,0
DA:141,0
DA:142,0
DA:146,0
DA:147,0
DA:148,0
DA:151,0
DA:152,0
DA:154,0
DA:157,0
DA:158,0
DA:159,0
DA:160,0
DA:165,0
DA:166,0
DA:169,0
DA:170,0
DA:171,0
DA:172,0
DA:173,0
DA:175,0
DA:251,0
LF:50
LH:0
BRDA:27,0,0,0
BRDA:27,0,1,0
BRDA:28,1,0,0
BRDA:28,1,1,0
BRDA:32,2,0,0
BRDA:32,2,1,0
BRDA:33,3,0,0
BRDA:33,3,1,0
BRDA:34,4,0,0
BRDA:34,4,1,0
BRDA:38,5,0,0
BRDA:38,5,1,0
BRDA:38,5,2,0
BRDA:38,5,3,0
BRDA:51,6,0,0
BRDA:51,6,1,0
BRDA:52,7,0,0
BRDA:52,7,1,0
BRDA:53,8,0,0
BRDA:53,8,1,0
BRDA:54,9,0,0
BRDA:54,9,1,0
BRDA:62,10,0,0
BRDA:74,11,0,0
BRDA:74,11,1,0
BRDA:86,12,0,0
BRDA:86,12,1,0
BRDA:86,12,2,0
BRDA:97,13,0,0
BRDA:97,13,1,0
BRDA:97,13,2,0
BRDA:141,14,0,0
BRDA:141,14,1,0
BRDA:157,15,0,0
BRDA:157,15,1,0
BRDA:159,16,0,0
BRDA:159,16,1,0
BRDA:159,17,0,0
BRDA:159,17,1,0
BRDA:159,17,2,0
BRDA:173,18,0,0
BRDA:173,18,1,0
BRDA:173,18,2,0
BRDA:217,19,0,0
BRDA:217,19,1,0
BRDA:217,19,2,0
BRDA:224,20,0,0
BRDA:224,20,1,0
BRDA:235,21,0,0
BRDA:235,21,1,0
BRF:50
BRH:0
end_of_record
TN:
SF:src/renderer/src/components/agents/AgentCard.tsx
FN:24,formatDuration
FN:33,AgentCard
FN:40,(anonymous_2)
FN:42,(anonymous_3)
FN:42,(anonymous_4)
FN:43,(anonymous_5)
FNF:6
FNH:0
FNDA:0,formatDuration
FNDA:0,AgentCard
FNDA:0,(anonymous_2)
FNDA:0,(anonymous_3)
FNDA:0,(anonymous_4)
FNDA:0,(anonymous_5)
DA:16,0
DA:25,0
DA:26,0
DA:27,0
DA:28,0
DA:29,0
DA:30,0
DA:34,0
DA:35,0
DA:36,0
DA:39,0
DA:40,0
DA:41,0
DA:42,0
DA:43,0
DA:46,0
LF:16
LH:0
BRDA:26,0,0,0
BRDA:26,0,1,0
BRDA:28,1,0,0
BRDA:28,1,1,0
BRDA:29,2,0,0
BRDA:29,2,1,0
BRDA:34,3,0,0
BRDA:34,3,1,0
BRDA:36,4,0,0
BRDA:36,4,1,0
BRDA:41,5,0,0
BRDA:41,5,1,0
BRDA:55,6,0,0
BRDA:55,6,1,0
BRDA:57,7,0,0
BRDA:57,7,1,0
BRDA:72,8,0,0
BRDA:72,8,1,0
BRF:18
BRH:0
end_of_record
TN:
SF:src/renderer/src/components/agents/AgentDetail.tsx
FN:27,AgentDetail
FN:31,(anonymous_1)
FN:32,(anonymous_2)
FN:40,(anonymous_3)
FN:74,(anonymous_4)
FN:77,(anonymous_5)
FN:130,LogFallback
FN:134,(anonymous_7)
FN:136,(anonymous_8)
FN:141,(anonymous_9)
FN:144,(anonymous_10)
FNF:11
FNH:0
FNDA:0,AgentDetail
FNDA:0,(anonymous_1)
FNDA:0,(anonymous_2)
FNDA:0,(anonymous_3)
FNDA:0,(anonymous_4)
FNDA:0,(anonymous_5)
FNDA:0,LogFallback
FNDA:0,(anonymous_7)
FNDA:0,(anonymous_8)
FNDA:0,(anonymous_9)
FNDA:0,(anonymous_10)
DA:19,0
DA:28,0
DA:29,0
DA:31,0
DA:32,0
DA:33,0
DA:35,0
DA:40,0
DA:41,0
DA:42,0
DA:45,0
DA:75,0
DA:78,0
DA:131,0
DA:132,0
DA:134,0
DA:135,0
DA:136,0
DA:137,0
DA:138,0
DA:139,0
DA:142,0
DA:144,0
DA:147,0
DA:148,0
DA:155,0
DA:156,0
DA:163,0
LF:28
LH:0
BRDA:28,0,0,0
BRDA:28,0,1,0
BRDA:35,1,0,0
BRDA:35,1,1,0
BRDA:100,2,0,0
BRDA:100,2,1,0
BRDA:111,3,0,0
BRDA:111,3,1,0
BRDA:120,4,0,0
BRDA:120,4,1,0
BRDA:137,5,0,0
BRDA:137,5,1,0
BRDA:142,6,0,0
BRDA:142,6,1,0
BRDA:147,7,0,0
BRDA:147,7,1,0
BRDA:155,8,0,0
BRDA:155,8,1,0
BRF:18
BRH:0
end_of_record
TN:
SF:src/renderer/src/components/agents/AgentList.tsx
FN:28,groupAgents
FN:50,GroupHeader
FN:76,AgentList
FN:80,(anonymous_3)
FN:83,(anonymous_4)
FN:90,(anonymous_5)
FN:109,(anonymous_6)
FN:136,(anonymous_7)
FN:137,(anonymous_8)
FN:138,(anonymous_9)
FN:145,(anonymous_10)
FN:146,(anonymous_11)
FN:147,(anonymous_12)
FN:154,(anonymous_13)
FN:154,(anonymous_14)
FN:155,(anonymous_15)
FN:156,(anonymous_16)
FNF:17
FNH:0
FNDA:0,groupAgents
FNDA:0,GroupHeader
FNDA:0,AgentList
FNDA:0,(anonymous_3)
FNDA:0,(anonymous_4)
FNDA:0,(anonymous_5)
FNDA:0,(anonymous_6)
FNDA:0,(anonymous_7)
FNDA:0,(anonymous_8)
FNDA:0,(anonymous_9)
FNDA:0,(anonymous_10)
FNDA:0,(anonymous_11)
FNDA:0,(anonymous_12)
FNDA:0,(anonymous_13)
FNDA:0,(anonymous_14)
FNDA:0,(anonymous_15)
FNDA:0,(anonymous_16)
DA:26,0
DA:29,0
DA:30,0
DA:31,0
DA:32,0
DA:34,0
DA:35,0
DA:36,0
DA:38,0
DA:39,0
DA:40,0
DA:42,0
DA:47,0
DA:51,0
DA:77,0
DA:78,0
DA:80,0
DA:81,0
DA:82,0
DA:83,0
DA:84,0
DA:90,0
DA:92,0
DA:109,0
DA:138,0
DA:147,0
DA:154,0
DA:156,0
LF:28
LH:0
BRDA:35,0,0,0
BRDA:35,0,1,0
BRDA:38,1,0,0
BRDA:38,1,1,0
BRDA:39,2,0,0
BRDA:39,2,1,0
BRDA:69,3,0,0
BRDA:69,3,1,0
BRDA:77,4,0,0
BRDA:77,4,1,0
BRDA:81,5,0,0
BRDA:81,5,1,0
BRDA:84,6,0,0
BRDA:84,6,1,0
BRDA:84,6,2,0
BRDA:125,7,0,0
BRDA:125,7,1,0
BRDA:125,7,2,0
BRDA:134,8,0,0
BRDA:134,8,1,0
BRDA:143,9,0,0
BRDA:143,9,1,0
BRDA:152,10,0,0
BRDA:152,10,1,0
BRDA:155,11,0,0
BRDA:155,11,1,0
BRDA:161,12,0,0
BRDA:161,12,1,0
BRF:28
BRH:0
end_of_record
TN:
SF:src/renderer/src/components/agents/ChatBubble.tsx
FN:31,formatTime
FN:39,ChatBubble
FNF:2
FNH:0
FNDA:0,formatTime
FNDA:0,ChatBubble
DA:13,0
DA:32,0
DA:33,0
DA:40,0
DA:51,0
DA:57,0
DA:64,0
LF:7
LH:0
BRDA:61,0,0,0
BRDA:61,0,1,0
BRDA:67,1,0,0
BRDA:67,1,1,0
BRF:4
BRH:0
end_of_record
TN:
SF:src/renderer/src/components/agents/ChatRenderer.tsx
FN:31,pairEvents
FN:120,StartedBlock
FN:128,CompletedBlock
FN:144,RateLimitedBlock
FN:159,renderBlock
FN:180,(anonymous_5)
FN:190,ChatRenderer
FN:192,(anonymous_7)
FN:197,(anonymous_8)
FN:198,(anonymous_9)
FN:203,(anonymous_10)
FN:209,(anonymous_11)
FN:233,(anonymous_12)
FNF:13
FNH:0
FNDA:0,pairEvents
FNDA:0,StartedBlock
FNDA:0,CompletedBlock
FNDA:0,RateLimitedBlock
FNDA:0,renderBlock
FNDA:0,(anonymous_5)
FNDA:0,ChatRenderer
FNDA:0,(anonymous_7)
FNDA:0,(anonymous_8)
FNDA:0,(anonymous_9)
FNDA:0,(anonymous_10)
FNDA:0,(anonymous_11)
FNDA:0,(anonymous_12)
DA:32,0
DA:34,0
DA:35,0
DA:37,0
DA:39,0
DA:40,0
DA:43,0
DA:44,0
DA:47,0
DA:48,0
DA:51,0
DA:52,0
DA:56,0
DA:57,0
DA:58,0
DA:66,0
DA:68,0
DA:70,0
DA:75,0
DA:81,0
DA:84,0
DA:85,0
DA:88,0
DA:89,0
DA:92,0
DA:101,0
DA:104,0
DA:111,0
DA:115,0
DA:121,0
DA:129,0
DA:130,0
DA:131,0
DA:145,0
DA:160,0
DA:162,0
DA:164,0
DA:166,0
DA:168,0
DA:170,0
DA:172,0
DA:174,0
DA:176,0
DA:178,0
DA:180,0
DA:191,0
DA:192,0
DA:193,0
DA:195,0
DA:197,0
DA:198,0
DA:203,0
DA:204,0
DA:205,0
DA:209,0
DA:210,0
DA:211,0
DA:212,0
DA:213,0
DA:216,0
DA:234,0
LF:61
LH:0
BRDA:37,0,0,0
BRDA:37,0,1,0
BRDA:37,0,2,0
BRDA:37,0,3,0
BRDA:37,0,4,0
BRDA:37,0,5,0
BRDA:37,0,6,0
BRDA:37,0,7,0
BRDA:37,0,8,0
BRDA:37,0,9,0
BRDA:57,1,0,0
BRDA:57,1,1,0
BRDA:57,2,0,0
BRDA:57,2,1,0
BRDA:123,3,0,0
BRDA:123,3,1,0
BRDA:130,4,0,0
BRDA:130,4,1,0
BRDA:138,5,0,0
BRDA:138,5,1,0
BRDA:160,6,0,0
BRDA:160,6,1,0
BRDA:160,6,2,0
BRDA:160,6,3,0
BRDA:160,6,4,0
BRDA:160,6,5,0
BRDA:160,6,6,0
BRDA:160,6,7,0
BRDA:160,6,8,0
BRDA:160,6,9,0
BRDA:204,7,0,0
BRDA:204,7,1,0
BRDA:204,8,0,0
BRDA:204,8,1,0
BRDA:211,9,0,0
BRDA:211,9,1,0
BRF:36
BRH:0
end_of_record
TN:
SF:src/renderer/src/components/agents/HealthBar.tsx
FN:8,HealthBar
FNF:1
FNH:0
FNDA:0,HealthBar
DA:9,0
LF:1
LH:0
BRDA:36,0,0,0
BRDA:36,0,1,0
BRDA:40,1,0,0
BRDA:40,1,1,0
BRDA:47,2,0,0
BRDA:47,2,1,0
BRDA:61,3,0,0
BRDA:61,3,1,0
BRF:8
BRH:0
end_of_record
TN:
SF:src/renderer/src/components/agents/PlaygroundCard.tsx
FN:17,formatFileSize
FN:23,PlaygroundCard
FN:44,(anonymous_2)
FN:48,(anonymous_3)
FNF:4
FNH:0
FNDA:0,formatFileSize
FNDA:0,PlaygroundCard
FNDA:0,(anonymous_2)
FNDA:0,(anonymous_3)
DA:18,0
DA:19,0
DA:20,0
DA:24,0
DA:45,0
DA:46,0
DA:49,0
DA:50,0
LF:8
LH:0
BRDA:18,0,0,0
BRDA:18,0,1,0
BRDA:19,1,0,0
BRDA:19,1,1,0
BRF:4
BRH:0
end_of_record
TN:
SF:src/renderer/src/components/agents/PlaygroundModal.tsx
FN:23,formatFileSize
FN:30,escapeHtml
FN:42,tokenizeLine
FN:113,PlaygroundModal
FN:123,(anonymous_4)
FN:132,(anonymous_5)
FN:134,(anonymous_6)
FN:137,(anonymous_7)
FN:151,(anonymous_8)
FN:152,(anonymous_9)
FN:169,(anonymous_10)
FN:238,(anonymous_11)
FN:247,(anonymous_12)
FN:371,(anonymous_13)
FNF:14
FNH:0
FNDA:0,formatFileSize
FNDA:0,escapeHtml
FNDA:0,tokenizeLine
FNDA:0,PlaygroundModal
FNDA:0,(anonymous_4)
FNDA:0,(anonymous_5)
FNDA:0,(anonymous_6)
FNDA:0,(anonymous_7)
FNDA:0,(anonymous_8)
FNDA:0,(anonymous_9)
FNDA:0,(anonymous_10)
FNDA:0,(anonymous_11)
FNDA:0,(anonymous_12)
FNDA:0,(anonymous_13)
DA:24,0
DA:25,0
DA:26,0
DA:31,0
DA:43,0
DA:46,0
DA:47,0
DA:49,0
DA:51,0
DA:53,0
DA:54,0
DA:57,0
DA:59,0
DA:64,0
DA:66,0
DA:67,0
DA:72,0
DA:74,0
DA:75,0
DA:80,0
DA:81,0
DA:83,0
DA:90,0
DA:94,0
DA:95,0
DA:98,0
DA:101,0
DA:107,0
DA:119,0
DA:122,0
DA:124,0
DA:125,0
DA:126,0
DA:132,0
DA:133,0
DA:134,0
DA:137,0
DA:138,0
DA:141,0
DA:142,0
DA:148,0
DA:149,0
DA:151,0
DA:152,0
DA:154,0
DA:170,0
DA:239,0
DA:240,0
DA:241,0
DA:247,0
DA:372,0
LF:51
LH:0
BRDA:24,0,0,0
BRDA:24,0,1,0
BRDA:25,1,0,0
BRDA:25,1,1,0
BRDA:53,2,0,0
BRDA:53,2,1,0
BRDA:57,3,0,0
BRDA:57,3,1,0
BRDA:64,4,0,0
BRDA:64,4,1,0
BRDA:64,5,0,0
BRDA:64,5,1,0
BRDA:72,6,0,0
BRDA:72,6,1,0
BRDA:72,7,0,0
BRDA:72,7,1,0
BRDA:72,7,2,0
BRDA:81,8,0,0
BRDA:81,8,1,0
BRDA:94,9,0,0
BRDA:94,9,1,0
BRDA:98,10,0,0
BRDA:98,10,1,0
BRDA:124,11,0,0
BRDA:124,11,1,0
BRDA:148,12,0,0
BRDA:148,12,1,0
BRDA:149,13,0,0
BRDA:149,13,1,0
BRDA:170,14,0,0
BRDA:170,14,1,0
BRDA:253,15,0,0
BRDA:253,15,1,0
BRDA:254,16,0,0
BRDA:254,16,1,0
BRDA:324,17,0,0
BRDA:324,17,1,0
BRDA:329,18,0,0
BRDA:329,18,1,0
BRDA:348,19,0,0
BRDA:348,19,1,0
BRF:41
BRH:0
end_of_record
TN:
SF:src/renderer/src/components/agents/SpawnModal.tsx
FN:19,SpawnModal
FN:29,(anonymous_1)
FN:30,(anonymous_2)
FN:31,(anonymous_3)
FN:36,(anonymous_4)
FN:42,(anonymous_5)
FN:45,(anonymous_6)
FN:58,(anonymous_7)
FN:64,(anonymous_8)
FN:68,(anonymous_9)
FN:70,(anonymous_10)
FN:82,(anonymous_11)
FN:86,(anonymous_12)
FN:88,(anonymous_13)
FN:94,(anonymous_14)
FN:98,(anonymous_15)
FN:111,(anonymous_16)
FN:126,(anonymous_17)
FN:142,(anonymous_18)
FN:153,(anonymous_19)
FN:169,(anonymous_20)
FN:190,(anonymous_21)
FN:192,(anonymous_22)
FN:200,(anonymous_23)
FN:205,(anonymous_24)
FN:225,(anonymous_25)
FN:228,(anonymous_26)
FN:243,(anonymous_27)
FN:250,(anonymous_28)
FNF:29
FNH:0
FNDA:0,SpawnModal
FNDA:0,(anonymous_1)
FNDA:0,(anonymous_2)
FNDA:0,(anonymous_3)
FNDA:0,(anonymous_4)
FNDA:0,(anonymous_5)
FNDA:0,(anonymous_6)
FNDA:0,(anonymous_7)
FNDA:0,(anonymous_8)
FNDA:0,(anonymous_9)
FNDA:0,(anonymous_10)
FNDA:0,(anonymous_11)
FNDA:0,(anonymous_12)
FNDA:0,(anonymous_13)
FNDA:0,(anonymous_14)
FNDA:0,(anonymous_15)
FNDA:0,(anonymous_16)
FNDA:0,(anonymous_17)
FNDA:0,(anonymous_18)
FNDA:0,(anonymous_19)
FNDA:0,(anonymous_20)
FNDA:0,(anonymous_21)
FNDA:0,(anonymous_22)
FNDA:0,(anonymous_23)
FNDA:0,(anonymous_24)
FNDA:0,(anonymous_25)
FNDA:0,(anonymous_26)
FNDA:0,(anonymous_27)
FNDA:0,(anonymous_28)
DA:12,0
DA:20,0
DA:21,0
DA:22,0
DA:23,0
DA:24,0
DA:25,0
DA:26,0
DA:27,0
DA:28,0
DA:29,0
DA:30,0
DA:31,0
DA:32,0
DA:33,0
DA:34,0
DA:36,0
DA:37,0
DA:38,0
DA:39,0
DA:43,0
DA:45,0
DA:47,0
DA:48,0
DA:49,0
DA:50,0
DA:51,0
DA:58,0
DA:59,0
DA:60,0
DA:61,0
DA:62,0
DA:63,0
DA:64,0
DA:68,0
DA:69,0
DA:70,0
DA:71,0
DA:72,0
DA:73,0
DA:74,0
DA:75,0
DA:77,0
DA:81,0
DA:82,0
DA:86,0
DA:87,0
DA:88,0
DA:89,0
DA:90,0
DA:93,0
DA:94,0
DA:97,0
DA:99,0
DA:100,0
DA:101,0
DA:102,0
DA:103,0
DA:104,0
DA:106,0
DA:107,0
DA:108,0
DA:111,0
DA:112,0
DA:113,0
DA:115,0
DA:116,0
DA:117,0
DA:119,0
DA:120,0
DA:121,0
DA:122,0
DA:127,0
DA:128,0
DA:134,0
DA:141,0
DA:143,0
DA:144,0
DA:145,0
DA:146,0
DA:153,0
DA:154,0
DA:155,0
DA:156,0
DA:159,0
DA:160,0
DA:161,0
DA:163,0
DA:169,0
DA:190,0
DA:192,0
DA:201,0
DA:205,0
DA:225,0
DA:229,0
DA:230,0
DA:231,0
DA:244,0
DA:250,0
LF:99
LH:0
BRDA:22,0,0,0
BRDA:22,0,1,0
BRDA:43,1,0,0
BRDA:43,1,1,0
BRDA:49,2,0,0
BRDA:49,2,1,0
BRDA:51,3,0,0
BRDA:51,3,1,0
BRDA:59,4,0,0
BRDA:59,4,1,0
BRDA:61,5,0,0
BRDA:61,5,1,0
BRDA:69,6,0,0
BRDA:69,6,1,0
BRDA:71,7,0,0
BRDA:71,7,1,0
BRDA:74,8,0,0
BRDA:74,8,1,0
BRDA:87,9,0,0
BRDA:87,9,1,0
BRDA:89,10,0,0
BRDA:89,10,1,0
BRDA:89,11,0,0
BRDA:89,11,1,0
BRDA:100,12,0,0
BRDA:100,12,1,0
BRDA:100,13,0,0
BRDA:100,13,1,0
BRDA:102,14,0,0
BRDA:102,14,1,0
BRDA:119,15,0,0
BRDA:119,15,1,0
BRDA:120,16,0,0
BRDA:120,16,1,0
BRDA:143,17,0,0
BRDA:143,17,1,0
BRDA:143,18,0,0
BRDA:143,18,1,0
BRDA:145,19,0,0
BRDA:145,19,1,0
BRDA:145,20,0,0
BRDA:145,20,1,0
BRDA:145,20,2,0
BRDA:145,20,3,0
BRDA:165,21,0,0
BRDA:165,21,1,0
BRDA:174,22,0,0
BRDA:174,22,1,0
BRDA:192,23,0,0
BRDA:192,23,1,0
BRDA:197,24,0,0
BRDA:197,24,1,0
BRDA:197,24,2,0
BRDA:208,25,0,0
BRDA:208,25,1,0
BRDA:214,26,0,0
BRDA:214,26,1,0
BRDA:214,27,0,0
BRDA:214,27,1,0
BRDA:216,28,0,0
BRDA:216,28,1,0
BRDA:230,29,0,0
BRDA:230,29,1,0
BRDA:249,30,0,0
BRDA:249,30,1,0
BRDA:259,31,0,0
BRDA:259,31,1,0
BRDA:271,32,0,0
BRDA:271,32,1,0
BRDA:271,32,2,0
BRDA:271,32,3,0
BRDA:272,33,0,0
BRDA:272,33,1,0
BRDA:274,34,0,0
BRDA:274,34,1,0
BRDA:274,35,0,0
BRDA:274,35,1,0
BRF:77
BRH:0
end_of_record
TN:
SF:src/renderer/src/components/agents/SteerInput.tsx
FN:10,SteerInput
FN:17,(anonymous_1)
FN:26,(anonymous_2)
FN:34,(anonymous_3)
FN:55,(anonymous_4)
FN:73,(anonymous_5)
FN:76,(anonymous_6)
FNF:7
FNH:0
FNDA:0,SteerInput
FNDA:0,(anonymous_1)
FNDA:0,(anonymous_2)
FNDA:0,(anonymous_3)
FNDA:0,(anonymous_4)
FNDA:0,(anonymous_5)
FNDA:0,(anonymous_6)
DA:11,0
DA:12,0
DA:14,0
DA:17,0
DA:18,0
DA:19,0
DA:20,0
DA:21,0
DA:22,0
DA:23,0
DA:26,0
DA:27,0
DA:28,0
DA:29,0
DA:30,0
DA:33,0
DA:35,0
DA:36,0
DA:37,0
DA:43,0
DA:55,0
DA:74,0
DA:77,0
LF:23
LH:0
BRDA:19,0,0,0
BRDA:19,0,1,0
BRDA:28,1,0,0
BRDA:28,1,1,0
BRDA:35,2,0,0
BRDA:35,2,1,0
BRDA:35,3,0,0
BRDA:35,3,1,0
BRDA:93,4,0,0
BRDA:93,4,1,0
BRDA:94,5,0,0
BRDA:94,5,1,0
BRDA:95,6,0,0
BRDA:95,6,1,0
BRF:14
BRH:0
end_of_record
TN:
SF:src/renderer/src/components/agents/ThinkingBlock.tsx
FN:11,ThinkingBlock
FN:24,(anonymous_1)
FN:24,(anonymous_2)
FNF:3
FNH:0
FNDA:0,ThinkingBlock
FNDA:0,(anonymous_1)
FNDA:0,(anonymous_2)
DA:12,0
DA:14,0
DA:24,0
LF:3
LH:0
BRDA:44,0,0,0
BRDA:44,0,1,0
BRDA:64,1,0,0
BRDA:64,1,1,0
BRDA:64,1,2,0
BRF:5
BRH:0
end_of_record
TN:
SF:src/renderer/src/components/agents/ToolCallBlock.tsx
FN:17,formatTime
FN:39,ToolCallBlock
FN:57,(anonymous_2)
FNF:3
FNH:0
FNDA:0,formatTime
FNDA:0,ToolCallBlock
FNDA:0,(anonymous_2)
DA:18,0
DA:19,0
DA:21,0
DA:25,0
DA:40,0
DA:42,0
DA:57,0
LF:7
LH:0
BRDA:69,0,0,0
BRDA:69,0,1,0
BRDA:76,1,0,0
BRDA:76,1,1,0
BRDA:105,2,0,0
BRDA:105,2,1,0
BRDA:108,3,0,0
BRDA:108,3,1,0
BRDA:109,4,0,0
BRDA:109,4,1,0
BRDA:116,5,0,0
BRDA:116,5,1,0
BRDA:132,6,0,0
BRDA:132,6,1,0
BRDA:134,7,0,0
BRDA:134,7,1,0
BRDA:142,8,0,0
BRDA:142,8,1,0
BRF:18
BRH:0
end_of_record
TN:
SF:src/renderer/src/components/dashboard/ActiveTasksCard.tsx
FN:20,StatusBadge
FN:40,ActiveTasksCard
FN:41,(anonymous_2)
FN:44,(anonymous_3)
FN:45,(anonymous_4)
FN:77,(anonymous_5)
FNF:6
FNH:6
FNDA:11,StatusBadge
FNDA:13,ActiveTasksCard
FNDA:13,(anonymous_2)
FNDA:13,(anonymous_3)
FNDA:16,(anonymous_4)
FNDA:11,(anonymous_5)
DA:8,1
DA:14,1
DA:21,11
DA:22,11
DA:41,13
DA:43,13
DA:45,13
DA:46,16
DA:53,13
DA:78,11
LF:10
LH:10
BRDA:21,0,0,11
BRDA:21,0,1,0
BRDA:35,1,0,11
BRDA:35,1,1,0
BRDA:46,2,0,16
BRDA:46,2,1,9
BRDA:46,2,2,7
BRDA:58,3,0,4
BRDA:58,3,1,9
BRF:9
BRH:7
end_of_record
TN:
SF:src/renderer/src/components/dashboard/CostSummaryCard.tsx
FN:7,formatCost
FN:12,CostSummaryCard
FN:13,(anonymous_2)
FN:14,(anonymous_3)
FN:16,(anonymous_4)
FN:17,(anonymous_5)
FN:19,(anonymous_6)
FN:41,(anonymous_7)
FNF:8
FNH:0
FNDA:0,formatCost
FNDA:0,CostSummaryCard
FNDA:0,(anonymous_2)
FNDA:0,(anonymous_3)
FNDA:0,(anonymous_4)
FNDA:0,(anonymous_5)
FNDA:0,(anonymous_6)
FNDA:0,(anonymous_7)
DA:8,0
DA:9,0
DA:13,0
DA:14,0
DA:16,0
DA:17,0
DA:18,0
DA:19,0
DA:22,0
DA:28,0
DA:42,0
LF:11
LH:0
BRDA:8,0,0,0
BRDA:8,0,1,0
BRDA:17,1,0,0
BRDA:17,1,1,0
BRDA:18,2,0,0
BRDA:18,2,1,0
BRDA:19,3,0,0
BRDA:19,3,1,0
BRF:8
BRH:0
end_of_record
TN:
SF:src/renderer/src/components/dashboard/DashboardCard.tsx
FN:10,DashboardCard
FNF:1
FNH:1
FNDA:29,DashboardCard
DA:11,29
LF:1
LH:1
BRDA:31,0,0,29
BRDA:31,0,1,29
BRDA:48,1,0,29
BRDA:48,1,1,0
BRF:4
BRH:3
end_of_record
TN:
SF:src/renderer/src/components/dashboard/OpenPRsCard.tsx
FN:9,OpenPRsCard
FN:13,(anonymous_1)
FN:18,(anonymous_2)
FN:23,(anonymous_3)
FN:26,(anonymous_4)
FN:29,(anonymous_5)
FN:63,(anonymous_6)
FN:111,(anonymous_7)
FNF:8
FNH:0
FNDA:0,OpenPRsCard
FNDA:0,(anonymous_1)
FNDA:0,(anonymous_2)
FNDA:0,(anonymous_3)
FNDA:0,(anonymous_4)
FNDA:0,(anonymous_5)
FNDA:0,(anonymous_6)
FNDA:0,(anonymous_7)
DA:7,0
DA:10,0
DA:11,0
DA:13,0
DA:14,0
DA:15,0
DA:16,0
DA:19,0
DA:20,0
DA:24,0
DA:27,0
DA:29,0
DA:30,0
DA:34,0
DA:64,0
DA:111,0
LF:16
LH:0
BRDA:19,0,0,0
BRDA:19,0,1,0
BRDA:20,1,0,0
BRDA:20,1,1,0
BRDA:24,2,0,0
BRDA:24,2,1,0
BRDA:27,3,0,0
BRDA:27,3,1,0
BRDA:39,4,0,0
BRDA:39,4,1,0
BRDA:50,5,0,0
BRDA:50,5,1,0
BRDA:96,6,0,0
BRDA:96,6,1,0
BRF:14
BRH:0
end_of_record
TN:
SF:src/renderer/src/components/dashboard/RecentCompletionsCard.tsx
FN:10,formatRelative
FN:21,RecentCompletionsCard
FN:22,(anonymous_2)
FN:24,(anonymous_3)
FN:26,(anonymous_4)
FN:27,(anonymous_5)
FN:53,(anonymous_6)
FNF:7
FNH:7
FNDA:17,formatRelative
FNDA:16,RecentCompletionsCard
FNDA:16,(anonymous_2)
FNDA:16,(anonymous_3)
FNDA:23,(anonymous_4)
FNDA:8,(anonymous_5)
FNDA:17,(anonymous_6)
DA:8,1
DA:11,17
DA:12,17
DA:13,17
DA:14,17
DA:15,16
DA:16,13
DA:17,13
DA:18,1
DA:22,16
DA:24,16
DA:25,16
DA:26,23
DA:28,8
DA:29,8
DA:30,8
DA:35,16
DA:54,17
LF:18
LH:18
BRDA:11,0,0,0
BRDA:11,0,1,17
BRDA:14,1,0,1
BRDA:14,1,1,16
BRDA:15,2,0,3
BRDA:15,2,1,13
BRDA:17,3,0,12
BRDA:17,3,1,1
BRDA:28,4,0,8
BRDA:28,4,1,0
BRDA:29,5,0,8
BRDA:29,5,1,0
BRDA:40,6,0,4
BRDA:40,6,1,12
BRDA:84,7,0,17
BRDA:84,7,1,2
BRF:16
BRH:13
end_of_record
TN:
SF:src/renderer/src/components/diff/DiffCommentComposer.tsx
FN:10,DiffCommentComposer
FN:18,(anonymous_1)
FN:22,(anonymous_2)
FN:28,(anonymous_3)
FN:45,(anonymous_4)
FNF:5
FNH:0
FNDA:0,DiffCommentComposer
FNDA:0,(anonymous_1)
FNDA:0,(anonymous_2)
FNDA:0,(anonymous_3)
FNDA:0,(anonymous_4)
DA:15,0
DA:16,0
DA:18,0
DA:19,0
DA:22,0
DA:23,0
DA:24,0
DA:25,0
DA:28,0
DA:29,0
DA:30,0
DA:31,0
DA:33,0
DA:34,0
DA:35,0
DA:39,0
DA:45,0
LF:17
LH:0
BRDA:13,0,0,0
BRDA:24,1,0,0
BRDA:24,1,1,0
BRDA:29,2,0,0
BRDA:29,2,1,0
BRDA:29,3,0,0
BRDA:29,3,1,0
BRDA:29,3,2,0
BRDA:33,4,0,0
BRDA:33,4,1,0
BRF:10
BRH:0
end_of_record
TN:
SF:src/renderer/src/components/diff/DiffCommentWidget.tsx
FN:11,DiffCommentWidget
FN:20,(anonymous_1)
FN:20,(anonymous_2)
FN:30,(anonymous_3)
FNF:4
FNH:0
FNDA:0,DiffCommentWidget
FNDA:0,(anonymous_1)
FNDA:0,(anonymous_2)
FNDA:0,(anonymous_3)
DA:12,0
DA:14,0
DA:16,0
DA:20,0
DA:31,0
LF:5
LH:0
BRDA:14,0,0,0
BRDA:14,0,1,0
BRDA:22,1,0,0
BRDA:22,1,1,0
BRDA:25,2,0,0
BRDA:25,2,1,0
BRDA:28,3,0,0
BRDA:28,3,1,0
BRF:8
BRH:0
end_of_record
TN:
SF:src/renderer/src/components/diff/DiffSizeWarning.tsx
FN:9,formatBytes
FN:15,DiffSizeWarning
FNF:2
FNH:0
FNDA:0,formatBytes
FNDA:0,DiffSizeWarning
DA:10,0
DA:11,0
DA:12,0
DA:16,0
LF:4
LH:0
BRDA:10,0,0,0
BRDA:10,0,1,0
BRDA:11,1,0,0
BRDA:11,1,1,0
BRF:4
BRH:0
end_of_record
TN:
SF:src/renderer/src/components/diff/DiffViewer.tsx
FN:19,FileList
FN:35,(anonymous_1)
FN:39,(anonymous_2)
FN:86,rowHeight
FN:94,VirtualizedDiffContent
FN:112,(anonymous_5)
FN:115,(anonymous_6)
FN:116,(anonymous_7)
FN:123,(anonymous_8)
FN:130,(anonymous_9)
FN:144,(anonymous_10)
FN:157,(anonymous_11)
FN:215,PlainDiffContent
FN:256,(anonymous_13)
FN:260,(anonymous_14)
FN:275,(anonymous_15)
FN:279,(anonymous_16)
FN:284,(anonymous_17)
FN:297,(anonymous_18)
FN:313,(anonymous_19)
FN:319,(anonymous_20)
FN:343,(anonymous_21)
FN:348,(anonymous_22)
FN:354,(anonymous_23)
FN:358,(anonymous_24)
FN:370,(anonymous_25)
FN:403,DiffViewer
FN:417,(anonymous_27)
FN:419,(anonymous_28)
FN:424,(anonymous_29)
FN:440,(anonymous_30)
FN:455,(anonymous_31)
FN:456,(anonymous_32)
FN:458,(anonymous_33)
FN:461,(anonymous_34)
FN:469,(anonymous_35)
FN:505,(anonymous_36)
FN:507,(anonymous_37)
FN:508,(anonymous_38)
FN:516,(anonymous_39)
FN:527,(anonymous_40)
FN:542,(anonymous_41)
FN:559,(anonymous_42)
FN:563,(anonymous_43)
FN:589,(anonymous_44)
FN:604,(anonymous_45)
FNF:46
FNH:0
FNDA:0,FileList
FNDA:0,(anonymous_1)
FNDA:0,(anonymous_2)
FNDA:0,rowHeight
FNDA:0,VirtualizedDiffContent
FNDA:0,(anonymous_5)
FNDA:0,(anonymous_6)
FNDA:0,(anonymous_7)
FNDA:0,(anonymous_8)
FNDA:0,(anonymous_9)
FNDA:0,(anonymous_10)
FNDA:0,(anonymous_11)
FNDA:0,PlainDiffContent
FNDA:0,(anonymous_13)
FNDA:0,(anonymous_14)
FNDA:0,(anonymous_15)
FNDA:0,(anonymous_16)
FNDA:0,(anonymous_17)
FNDA:0,(anonymous_18)
FNDA:0,(anonymous_19)
FNDA:0,(anonymous_20)
FNDA:0,(anonymous_21)
FNDA:0,(anonymous_22)
FNDA:0,(anonymous_23)
FNDA:0,(anonymous_24)
FNDA:0,(anonymous_25)
FNDA:0,DiffViewer
FNDA:0,(anonymous_27)
FNDA:0,(anonymous_28)
FNDA:0,(anonymous_29)
FNDA:0,(anonymous_30)
FNDA:0,(anonymous_31)
FNDA:0,(anonymous_32)
FNDA:0,(anonymous_33)
FNDA:0,(anonymous_34)
FNDA:0,(anonymous_35)
FNDA:0,(anonymous_36)
FNDA:0,(anonymous_37)
FNDA:0,(anonymous_38)
FNDA:0,(anonymous_39)
FNDA:0,(anonymous_40)
FNDA:0,(anonymous_41)
FNDA:0,(anonymous_42)
FNDA:0,(anonymous_43)
FNDA:0,(anonymous_44)
FNDA:0,(anonymous_45)
DA:28,0
DA:36,0
DA:39,0
DA:81,0
DA:82,0
DA:83,0
DA:84,0
DA:87,0
DA:88,0
DA:89,0
DA:109,0
DA:110,0
DA:112,0
DA:113,0
DA:114,0
DA:115,0
DA:116,0
DA:117,0
DA:118,0
DA:121,0
DA:122,0
DA:123,0
DA:124,0
DA:125,0
DA:130,0
DA:131,0
DA:132,0
DA:133,0
DA:134,0
DA:135,0
DA:136,0
DA:138,0
DA:141,0
DA:144,0
DA:145,0
DA:146,0
DA:147,0
DA:148,0
DA:151,0
DA:152,0
DA:154,0
DA:158,0
DA:159,0
DA:160,0
DA:178,0
DA:180,0
DA:181,0
DA:192,0
DA:193,0
DA:254,0
DA:257,0
DA:261,0
DA:276,0
DA:280,0
DA:285,0
DA:286,0
DA:287,0
DA:288,0
DA:290,0
DA:298,0
DA:299,0
DA:314,0
DA:315,0
DA:316,0
DA:317,0
DA:320,0
DA:321,0
DA:322,0
DA:344,0
DA:345,0
DA:346,0
DA:349,0
DA:350,0
DA:355,0
DA:356,0
DA:357,0
DA:358,0
DA:359,0
DA:370,0
DA:412,0
DA:413,0
DA:414,0
DA:415,0
DA:416,0
DA:417,0
DA:419,0
DA:420,0
DA:421,0
DA:424,0
DA:425,0
DA:426,0
DA:427,0
DA:428,0
DA:429,0
DA:430,0
DA:431,0
DA:433,0
DA:437,0
DA:440,0
DA:441,0
DA:442,0
DA:443,0
DA:444,0
DA:445,0
DA:446,0
DA:448,0
DA:452,0
DA:453,0
DA:455,0
DA:456,0
DA:457,0
DA:458,0
DA:461,0
DA:462,0
DA:463,0
DA:469,0
DA:470,0
DA:471,0
DA:479,0
DA:480,0
DA:481,0
DA:482,0
DA:484,0
DA:485,0
DA:486,0
DA:487,0
DA:489,0
DA:490,0
DA:491,0
DA:492,0
DA:494,0
DA:495,0
DA:496,0
DA:501,0
DA:505,0
DA:506,0
DA:507,0
DA:508,0
DA:509,0
DA:512,0
DA:516,0
DA:517,0
DA:518,0
DA:519,0
DA:520,0
DA:521,0
DA:522,0
DA:524,0
DA:527,0
DA:528,0
DA:529,0
DA:531,0
DA:532,0
DA:533,0
DA:534,0
DA:537,0
DA:538,0
DA:542,0
DA:543,0
DA:544,0
DA:546,0
DA:547,0
DA:548,0
DA:549,0
DA:552,0
DA:553,0
DA:554,0
DA:559,0
DA:560,0
DA:561,0
DA:563,0
DA:564,0
DA:565,0
DA:566,0
DA:569,0
DA:570,0
DA:571,0
DA:572,0
DA:573,0
DA:575,0
DA:576,0
DA:577,0
DA:578,0
DA:579,0
DA:583,0
DA:584,0
DA:585,0
DA:587,0
DA:589,0
DA:594,0
DA:595,0
DA:597,0
DA:599,0
DA:603,0
DA:604,0
DA:607,0
DA:608,0
DA:615,0
LF:198
LH:0
BRDA:38,0,0,0
BRDA:38,0,1,0
BRDA:43,1,0,0
BRDA:43,1,1,0
BRDA:44,2,0,0
BRDA:44,2,1,0
BRDA:87,3,0,0
BRDA:87,3,1,0
BRDA:88,4,0,0
BRDA:88,4,1,0
BRDA:114,5,0,0
BRDA:114,5,1,0
BRDA:135,6,0,0
BRDA:135,6,1,0
BRDA:147,7,0,0
BRDA:147,7,1,0
BRDA:152,8,0,0
BRDA:152,8,1,0
BRDA:159,9,0,0
BRDA:159,9,1,0
BRDA:163,10,0,0
BRDA:163,10,1,0
BRDA:168,11,0,0
BRDA:168,11,1,0
BRDA:171,12,0,0
BRDA:171,12,1,0
BRDA:178,13,0,0
BRDA:178,13,1,0
BRDA:180,14,0,0
BRDA:180,14,1,0
BRDA:184,15,0,0
BRDA:184,15,1,0
BRDA:196,16,0,0
BRDA:196,16,1,0
BRDA:199,17,0,0
BRDA:199,17,1,0
BRDA:202,18,0,0
BRDA:202,18,1,0
BRDA:202,19,0,0
BRDA:202,19,1,0
BRDA:259,20,0,0
BRDA:259,20,1,0
BRDA:261,21,0,0
BRDA:261,21,1,0
BRDA:267,22,0,0
BRDA:267,22,1,0
BRDA:270,23,0,0
BRDA:270,23,1,0
BRDA:278,24,0,0
BRDA:278,24,1,0
BRDA:278,25,0,0
BRDA:278,25,1,0
BRDA:280,26,0,0
BRDA:280,26,1,0
BRDA:285,27,0,0
BRDA:285,27,1,0
BRDA:286,28,0,0
BRDA:286,28,1,0
BRDA:287,29,0,0
BRDA:287,29,1,0
BRDA:292,30,0,0
BRDA:292,30,1,0
BRDA:292,30,2,0
BRDA:292,30,3,0
BRDA:292,30,4,0
BRDA:307,31,0,0
BRDA:307,31,1,0
BRDA:309,32,0,0
BRDA:309,32,1,0
BRDA:312,33,0,0
BRDA:312,33,1,0
BRDA:314,34,0,0
BRDA:314,34,1,0
BRDA:314,35,0,0
BRDA:314,35,1,0
BRDA:320,36,0,0
BRDA:320,36,1,0
BRDA:320,37,0,0
BRDA:320,37,1,0
BRDA:320,37,2,0
BRDA:320,37,3,0
BRDA:321,38,0,0
BRDA:321,38,1,0
BRDA:330,39,0,0
BRDA:330,39,1,0
BRDA:333,40,0,0
BRDA:333,40,1,0
BRDA:333,41,0,0
BRDA:333,41,1,0
BRDA:337,42,0,0
BRDA:337,42,1,0
BRDA:337,42,2,0
BRDA:340,43,0,0
BRDA:340,43,1,0
BRDA:340,43,2,0
BRDA:340,43,3,0
BRDA:355,44,0,0
BRDA:355,44,1,0
BRDA:356,45,0,0
BRDA:356,45,1,0
BRDA:357,46,0,0
BRDA:357,46,1,0
BRDA:357,47,0,0
BRDA:357,47,1,0
BRDA:367,48,0,0
BRDA:367,48,1,0
BRDA:405,49,0,0
BRDA:407,50,0,0
BRDA:421,51,0,0
BRDA:421,51,1,0
BRDA:427,52,0,0
BRDA:427,52,1,0
BRDA:427,53,0,0
BRDA:427,53,1,0
BRDA:429,54,0,0
BRDA:429,54,1,0
BRDA:442,55,0,0
BRDA:442,55,1,0
BRDA:444,56,0,0
BRDA:444,56,1,0
BRDA:462,57,0,0
BRDA:462,57,1,0
BRDA:462,58,0,0
BRDA:462,58,1,0
BRDA:463,59,0,0
BRDA:463,59,1,0
BRDA:463,59,2,0
BRDA:470,60,0,0
BRDA:470,60,1,0
BRDA:517,61,0,0
BRDA:517,61,1,0
BRDA:528,62,0,0
BRDA:528,62,1,0
BRDA:528,63,0,0
BRDA:528,63,1,0
BRDA:531,64,0,0
BRDA:531,64,1,0
BRDA:533,65,0,0
BRDA:533,65,1,0
BRDA:533,66,0,0
BRDA:533,66,1,0
BRDA:538,67,0,0
BRDA:538,67,1,0
BRDA:546,68,0,0
BRDA:546,68,1,0
BRDA:548,69,0,0
BRDA:548,69,1,0
BRDA:548,70,0,0
BRDA:548,70,1,0
BRDA:554,71,0,0
BRDA:554,71,1,0
BRDA:560,72,0,0
BRDA:560,72,1,0
BRDA:561,73,0,0
BRDA:561,73,1,0
BRDA:565,74,0,0
BRDA:565,74,1,0
BRDA:565,75,0,0
BRDA:565,75,1,0
BRDA:566,76,0,0
BRDA:566,76,1,0
BRDA:566,77,0,0
BRDA:566,77,1,0
BRDA:566,77,2,0
BRDA:569,78,0,0
BRDA:569,78,1,0
BRDA:571,79,0,0
BRDA:571,79,1,0
BRDA:575,80,0,0
BRDA:575,80,1,0
BRDA:577,81,0,0
BRDA:577,81,1,0
BRDA:583,82,0,0
BRDA:583,82,1,0
BRDA:583,83,0,0
BRDA:583,83,1,0
BRDA:585,84,0,0
BRDA:585,84,1,0
BRDA:587,85,0,0
BRDA:587,85,1,0
BRDA:589,86,0,0
BRDA:589,86,1,0
BRDA:594,87,0,0
BRDA:594,87,1,0
BRDA:595,88,0,0
BRDA:595,88,1,0
BRDA:597,89,0,0
BRDA:597,89,1,0
BRDA:607,90,0,0
BRDA:607,90,1,0
BRDA:619,91,0,0
BRDA:619,91,1,0
BRF:192
BRH:0
end_of_record
TN:
SF:src/renderer/src/components/git-tree/BranchSelector.tsx
FN:20,BranchSelector
FN:30,toggleDropdown
FN:32,(anonymous_2)
FN:35,handleSelect
FN:44,handleKeyDown
FN:92,(anonymous_5)
FN:124,(anonymous_6)
FN:129,(anonymous_7)
FN:144,(anonymous_8)
FN:150,(anonymous_9)
FNF:10
FNH:0
FNDA:0,BranchSelector
FNDA:0,toggleDropdown
FNDA:0,(anonymous_2)
FNDA:0,handleSelect
FNDA:0,handleKeyDown
FNDA:0,(anonymous_5)
FNDA:0,(anonymous_6)
FNDA:0,(anonymous_7)
FNDA:0,(anonymous_8)
FNDA:0,(anonymous_9)
DA:26,0
DA:28,0
DA:31,0
DA:32,0
DA:36,0
DA:37,0
DA:38,0
DA:40,0
DA:41,0
DA:45,0
DA:48,0
DA:92,0
DA:125,0
DA:129,0
DA:145,0
DA:146,0
DA:151,0
DA:152,0
LF:18
LH:0
BRDA:31,0,0,0
BRDA:31,0,1,0
BRDA:36,1,0,0
BRDA:36,1,1,0
BRDA:45,2,0,0
BRDA:45,2,1,0
BRDA:59,3,0,0
BRDA:59,3,1,0
BRDA:59,4,0,0
BRDA:59,4,1,0
BRDA:61,5,0,0
BRDA:61,5,1,0
BRDA:73,6,0,0
BRDA:73,6,1,0
BRDA:76,7,0,0
BRDA:76,7,1,0
BRDA:81,8,0,0
BRDA:81,8,1,0
BRDA:87,9,0,0
BRDA:87,9,1,0
BRDA:112,10,0,0
BRDA:112,10,1,0
BRDA:137,11,0,0
BRDA:137,11,1,0
BRDA:139,12,0,0
BRDA:139,12,1,0
BRDA:145,13,0,0
BRDA:145,13,1,0
BRDA:151,14,0,0
BRDA:151,14,1,0
BRF:30
BRH:0
end_of_record
TN:
SF:src/renderer/src/components/git-tree/CommitBox.tsx
FN:21,CommitBox
FN:30,handleKeyDown
FN:50,(anonymous_2)
FN:69,(anonymous_3)
FN:73,(anonymous_4)
FN:138,(anonymous_5)
FN:142,(anonymous_6)
FNF:7
FNH:0
FNDA:0,CommitBox
FNDA:0,handleKeyDown
FNDA:0,(anonymous_2)
FNDA:0,(anonymous_3)
FNDA:0,(anonymous_4)
FNDA:0,(anonymous_5)
FNDA:0,(anonymous_6)
DA:28,0
DA:31,0
DA:32,0
DA:33,0
DA:37,0
DA:50,0
DA:70,0
DA:74,0
DA:139,0
DA:143,0
LF:10
LH:0
BRDA:28,0,0,0
BRDA:28,0,1,0
BRDA:31,1,0,0
BRDA:31,1,1,0
BRDA:31,2,0,0
BRDA:31,2,1,0
BRDA:31,2,2,0
BRDA:33,3,0,0
BRDA:33,3,1,0
BRDA:87,4,0,0
BRDA:87,4,1,0
BRDA:88,5,0,0
BRDA:88,5,1,0
BRDA:100,6,0,0
BRDA:100,6,1,0
BRDA:101,7,0,0
BRDA:101,7,1,0
BRDA:107,8,0,0
BRDA:107,8,1,0
BRDA:112,9,0,0
BRDA:112,9,1,0
BRF:21
BRH:0
end_of_record
TN:
SF:src/renderer/src/components/git-tree/FileTreeSection.tsx
FN:27,FileTreeSection
FN:42,toggleCollapsed
FN:43,(anonymous_2)
FN:124,(anonymous_3)
FN:129,(anonymous_4)
FN:152,(anonymous_5)
FN:157,(anonymous_6)
FN:170,(anonymous_7)
FNF:8
FNH:0
FNDA:0,FileTreeSection
FNDA:0,toggleCollapsed
FNDA:0,(anonymous_2)
FNDA:0,(anonymous_3)
FNDA:0,(anonymous_4)
FNDA:0,(anonymous_5)
FNDA:0,(anonymous_6)
FNDA:0,(anonymous_7)
DA:38,0
DA:40,0
DA:43,0
DA:46,0
DA:125,0
DA:126,0
DA:130,0
DA:131,0
DA:153,0
DA:154,0
DA:158,0
DA:159,0
DA:171,0
LF:13
LH:0
BRDA:40,0,0,0
BRDA:40,0,1,0
BRDA:62,1,0,0
BRDA:62,1,1,0
BRDA:81,2,0,0
BRDA:81,2,1,0
BRDA:109,3,0,0
BRDA:109,3,1,0
BRDA:109,3,2,0
BRDA:137,4,0,0
BRDA:137,4,1,0
BRDA:137,4,2,0
BRDA:168,5,0,0
BRDA:168,5,1,0
BRF:14
BRH:0
end_of_record
TN:
SF:src/renderer/src/components/git-tree/GitFileRow.tsx
FN:23,statusColor
FN:38,splitPath
FN:51,GitFileRow
FN:62,handleRowClick
FN:67,handleStageClick
FN:92,(anonymous_5)
FN:98,(anonymous_6)
FN:147,(anonymous_7)
FN:152,(anonymous_8)
FNF:9
FNH:0
FNDA:0,statusColor
FNDA:0,splitPath
FNDA:0,GitFileRow
FNDA:0,handleRowClick
FNDA:0,handleStageClick
FNDA:0,(anonymous_5)
FNDA:0,(anonymous_6)
FNDA:0,(anonymous_7)
FNDA:0,(anonymous_8)
DA:24,0
DA:26,0
DA:28,0
DA:30,0
DA:32,0
DA:34,0
DA:39,0
DA:40,0
DA:41,0
DA:60,0
DA:63,0
DA:64,0
DA:68,0
DA:69,0
DA:70,0
DA:72,0
DA:76,0
DA:93,0
DA:94,0
DA:99,0
DA:100,0
DA:148,0
DA:149,0
DA:153,0
DA:154,0
LF:25
LH:0
BRDA:24,0,0,0
BRDA:24,0,1,0
BRDA:24,0,2,0
BRDA:24,0,3,0
BRDA:24,0,4,0
BRDA:40,1,0,0
BRDA:40,1,1,0
BRDA:55,2,0,0
BRDA:69,3,0,0
BRDA:69,3,1,0
BRDA:87,4,0,0
BRDA:87,4,1,0
BRDA:93,5,0,0
BRDA:93,5,1,0
BRDA:99,6,0,0
BRDA:99,6,1,0
BRDA:122,7,0,0
BRDA:122,7,1,0
BRDA:131,8,0,0
BRDA:131,8,1,0
BRDA:132,9,0,0
BRDA:132,9,1,0
BRDA:157,10,0,0
BRDA:157,10,1,0
BRF:24
BRH:0
end_of_record
TN:
SF:src/renderer/src/components/git-tree/InlineDiffDrawer.tsx
FN:20,lineColor
FN:27,lineBackground
FN:38,InlineDiffDrawer
FN:102,(anonymous_3)
FN:105,(anonymous_4)
FN:135,(anonymous_5)
FNF:6
FNH:0
FNDA:0,lineColor
FNDA:0,lineBackground
FNDA:0,InlineDiffDrawer
FNDA:0,(anonymous_3)
FNDA:0,(anonymous_4)
FNDA:0,(anonymous_5)
DA:21,0
DA:22,0
DA:23,0
DA:24,0
DA:28,0
DA:29,0
DA:30,0
DA:31,0
DA:43,0
DA:45,0
DA:46,0
DA:48,0
DA:103,0
DA:106,0
DA:136,0
LF:15
LH:0
BRDA:21,0,0,0
BRDA:21,0,1,0
BRDA:22,1,0,0
BRDA:22,1,1,0
BRDA:23,2,0,0
BRDA:23,2,1,0
BRDA:28,3,0,0
BRDA:28,3,1,0
BRDA:29,4,0,0
BRDA:29,4,1,0
BRDA:30,5,0,0
BRDA:30,5,1,0
BRDA:43,6,0,0
BRDA:43,6,1,0
BRDA:45,7,0,0
BRDA:45,7,1,0
BRDA:46,8,0,0
BRDA:46,8,1,0
BRDA:122,9,0,0
BRDA:122,9,1,0
BRDA:147,10,0,0
BRDA:147,10,1,0
BRF:22
BRH:0
end_of_record
TN:
SF:src/renderer/src/components/ide/EditorPane.tsx
FN:10,(anonymous_0)
FN:22,EditorPane
FN:25,(anonymous_2)
FN:28,(anonymous_3)
FN:44,handleBeforeMount
FN:50,handleMount
FN:53,(anonymous_6)
FN:56,handleChange
FNF:8
FNH:0
FNDA:0,(anonymous_0)
FNDA:0,EditorPane
FNDA:0,(anonymous_2)
FNDA:0,(anonymous_3)
FNDA:0,handleBeforeMount
FNDA:0,handleMount
FNDA:0,(anonymous_6)
FNDA:0,handleChange
DA:9,0
DA:10,0
DA:11,0
DA:25,0
DA:26,0
DA:28,0
DA:29,0
DA:30,0
DA:31,0
DA:32,0
DA:33,0
DA:35,0
DA:36,0
DA:40,0
DA:41,0
DA:45,0
DA:46,0
DA:47,0
DA:51,0
DA:52,0
DA:53,0
DA:57,0
DA:60,0
LF:23
LH:0
BRDA:29,0,0,0
BRDA:29,0,1,0
BRDA:31,1,0,0
BRDA:31,1,1,0
BRDA:40,2,0,0
BRDA:40,2,1,0
BRDA:40,3,0,0
BRDA:40,3,1,0
BRDA:52,4,0,0
BRDA:52,4,1,0
BRDA:57,5,0,0
BRDA:57,5,1,0
BRDA:63,6,0,0
BRDA:63,6,1,0
BRF:14
BRH:0
end_of_record
TN:
SF:src/renderer/src/components/ide/EditorTabBar.tsx
FN:8,EditorTabBar
FN:9,(anonymous_1)
FN:10,(anonymous_2)
FN:11,(anonymous_3)
FN:12,(anonymous_4)
FN:14,handleClose
FN:20,handleMiddleClick
FN:30,(anonymous_7)
FN:35,(anonymous_8)
FN:36,(anonymous_9)
FN:42,(anonymous_10)
FNF:11
FNH:0
FNDA:0,EditorTabBar
FNDA:0,(anonymous_1)
FNDA:0,(anonymous_2)
FNDA:0,(anonymous_3)
FNDA:0,(anonymous_4)
FNDA:0,handleClose
FNDA:0,handleMiddleClick
FNDA:0,(anonymous_7)
FNDA:0,(anonymous_8)
FNDA:0,(anonymous_9)
FNDA:0,(anonymous_10)
DA:9,0
DA:10,0
DA:11,0
DA:12,0
DA:15,0
DA:16,0
DA:17,0
DA:21,0
DA:22,0
DA:23,0
DA:24,0
DA:28,0
DA:31,0
DA:32,0
DA:35,0
DA:36,0
DA:42,0
LF:17
LH:0
BRDA:16,0,0,0
BRDA:16,0,1,0
BRDA:21,1,0,0
BRDA:21,1,1,0
BRDA:23,2,0,0
BRDA:23,2,1,0
BRDA:34,3,0,0
BRDA:34,3,1,0
BRDA:40,4,0,0
BRDA:40,4,1,0
BRF:10
BRH:0
end_of_record
TN:
SF:src/renderer/src/components/ide/FileContextMenu.tsx
FN:18,FileContextMenu
FN:21,(anonymous_1)
FN:22,handleMouseDown
FN:26,(anonymous_3)
FN:35,(anonymous_4)
FN:38,(anonymous_5)
FN:43,(anonymous_6)
FN:46,(anonymous_7)
FN:50,(anonymous_8)
FNF:9
FNH:0
FNDA:0,FileContextMenu
FNDA:0,(anonymous_1)
FNDA:0,handleMouseDown
FNDA:0,(anonymous_3)
FNDA:0,(anonymous_4)
FNDA:0,(anonymous_5)
FNDA:0,(anonymous_6)
FNDA:0,(anonymous_7)
FNDA:0,(anonymous_8)
DA:19,0
DA:21,0
DA:23,0
DA:25,0
DA:26,0
DA:29,0
DA:31,0
DA:35,0
DA:38,0
DA:43,0
DA:46,0
DA:50,0
LF:12
LH:0
BRDA:23,0,0,0
BRDA:23,0,1,0
BRDA:23,1,0,0
BRDA:23,1,1,0
BRDA:29,2,0,0
BRDA:29,2,1,0
BRDA:34,3,0,0
BRDA:34,3,1,0
BRF:8
BRH:0
end_of_record
TN:
SF:src/renderer/src/components/ide/FileSidebar.tsx
FN:11,FileSidebar
FN:12,(anonymous_1)
FN:13,(anonymous_2)
FN:14,(anonymous_3)
FN:17,handleOpenFolder
FN:22,handleNewFile
FN:28,handleNewFolder
FN:34,handleRename
FN:42,handleDelete
FN:48,handleCopyPath
FN:51,(anonymous_10)
FN:55,(anonymous_11)
FN:74,(anonymous_12)
FN:75,(anonymous_13)
FN:76,(anonymous_14)
FN:77,(anonymous_15)
FN:79,(anonymous_16)
FNF:17
FNH:0
FNDA:0,FileSidebar
FNDA:0,(anonymous_1)
FNDA:0,(anonymous_2)
FNDA:0,(anonymous_3)
FNDA:0,handleOpenFolder
FNDA:0,handleNewFile
FNDA:0,handleNewFolder
FNDA:0,handleRename
FNDA:0,handleDelete
FNDA:0,handleCopyPath
FNDA:0,(anonymous_10)
FNDA:0,(anonymous_11)
FNDA:0,(anonymous_12)
FNDA:0,(anonymous_13)
FNDA:0,(anonymous_14)
FNDA:0,(anonymous_15)
FNDA:0,(anonymous_16)
DA:12,0
DA:13,0
DA:14,0
DA:15,0
DA:18,0
DA:19,0
DA:23,0
DA:24,0
DA:25,0
DA:29,0
DA:30,0
DA:31,0
DA:35,0
DA:36,0
DA:37,0
DA:38,0
DA:39,0
DA:43,0
DA:44,0
DA:45,0
DA:48,0
DA:50,0
DA:51,0
DA:55,0
DA:74,0
DA:75,0
DA:76,0
DA:77,0
DA:79,0
LF:29
LH:0
BRDA:19,0,0,0
BRDA:19,0,1,0
BRDA:24,1,0,0
BRDA:24,1,1,0
BRDA:30,2,0,0
BRDA:30,2,1,0
BRDA:38,3,0,0
BRDA:38,3,1,0
BRDA:38,4,0,0
BRDA:38,4,1,0
BRDA:43,5,0,0
BRDA:43,5,1,0
BRDA:44,6,0,0
BRDA:44,6,1,0
BRDA:63,7,0,0
BRDA:63,7,1,0
BRDA:67,8,0,0
BRDA:67,8,1,0
BRDA:72,9,0,0
BRDA:72,9,1,0
BRF:20
BRH:0
end_of_record
TN:
SF:src/renderer/src/components/ide/FileTree.tsx
FN:10,FileTree
FN:14,(anonymous_1)
FN:16,(anonymous_2)
FN:18,(anonymous_3)
FN:19,(anonymous_4)
FN:25,(anonymous_5)
FN:28,(anonymous_6)
FN:29,(anonymous_7)
FN:30,(anonymous_8)
FN:40,(anonymous_9)
FNF:10
FNH:0
FNDA:0,FileTree
FNDA:0,(anonymous_1)
FNDA:0,(anonymous_2)
FNDA:0,(anonymous_3)
FNDA:0,(anonymous_4)
FNDA:0,(anonymous_5)
FNDA:0,(anonymous_6)
FNDA:0,(anonymous_7)
FNDA:0,(anonymous_8)
FNDA:0,(anonymous_9)
DA:11,0
DA:12,0
DA:14,0
DA:15,0
DA:17,0
DA:18,0
DA:20,0
DA:21,0
DA:23,0
DA:25,0
DA:28,0
DA:29,0
DA:30,0
DA:31,0
DA:34,0
DA:35,0
DA:38,0
DA:41,0
LF:18
LH:0
BRDA:20,0,0,0
BRDA:20,0,1,0
BRDA:21,1,0,0
BRDA:21,1,1,0
BRDA:34,2,0,0
BRDA:34,2,1,0
BRF:6
BRH:0
end_of_record
TN:
SF:src/renderer/src/components/ide/FileTreeNode.tsx
FN:14,getFileIcon
FN:23,FileTreeNode
FN:24,(anonymous_2)
FN:25,(anonymous_3)
FN:26,(anonymous_4)
FN:27,(anonymous_5)
FN:30,(anonymous_6)
FN:33,(anonymous_7)
FN:36,(anonymous_8)
FN:38,(anonymous_9)
FN:39,(anonymous_10)
FN:44,(anonymous_11)
FN:54,(anonymous_12)
FN:67,(anonymous_13)
FNF:14
FNH:0
FNDA:0,getFileIcon
FNDA:0,FileTreeNode
FNDA:0,(anonymous_2)
FNDA:0,(anonymous_3)
FNDA:0,(anonymous_4)
FNDA:0,(anonymous_5)
FNDA:0,(anonymous_6)
FNDA:0,(anonymous_7)
FNDA:0,(anonymous_8)
FNDA:0,(anonymous_9)
FNDA:0,(anonymous_10)
FNDA:0,(anonymous_11)
FNDA:0,(anonymous_12)
FNDA:0,(anonymous_13)
DA:15,0
DA:16,0
DA:17,0
DA:18,0
DA:19,0
DA:20,0
DA:24,0
DA:25,0
DA:26,0
DA:27,0
DA:28,0
DA:29,0
DA:30,0
DA:31,0
DA:33,0
DA:34,0
DA:35,0
DA:37,0
DA:38,0
DA:40,0
DA:41,0
DA:48,0
DA:50,0
DA:54,0
DA:68,0
LF:25
LH:0
BRDA:15,0,0,0
BRDA:15,0,1,0
BRDA:16,1,0,0
BRDA:16,1,1,0
BRDA:17,2,0,0
BRDA:17,2,1,0
BRDA:18,3,0,0
BRDA:18,3,1,0
BRDA:19,4,0,0
BRDA:19,4,1,0
BRDA:29,5,0,0
BRDA:29,5,1,0
BRDA:34,6,0,0
BRDA:34,6,1,0
BRDA:34,7,0,0
BRDA:34,7,1,0
BRDA:40,8,0,0
BRDA:40,8,1,0
BRDA:41,9,0,0
BRDA:41,9,1,0
BRDA:52,10,0,0
BRDA:52,10,1,0
BRDA:53,11,0,0
BRDA:53,11,1,0
BRDA:54,12,0,0
BRDA:54,12,1,0
BRDA:58,13,0,0
BRDA:58,13,1,0
BRDA:58,14,0,0
BRDA:58,14,1,0
BRDA:61,15,0,0
BRDA:61,15,1,0
BRDA:61,16,0,0
BRDA:61,16,1,0
BRDA:65,17,0,0
BRDA:65,17,1,0
BRDA:65,17,2,0
BRF:37
BRH:0
end_of_record
TN:
SF:src/renderer/src/components/ide/IDEEmptyState.tsx
FN:8,IDEEmptyState
FN:9,(anonymous_1)
FN:10,(anonymous_2)
FN:12,handleRecentFolder
FN:30,(anonymous_4)
FN:32,(anonymous_5)
FNF:6
FNH:0
FNDA:0,IDEEmptyState
FNDA:0,(anonymous_1)
FNDA:0,(anonymous_2)
FNDA:0,handleRecentFolder
FNDA:0,(anonymous_4)
FNDA:0,(anonymous_5)
DA:9,0
DA:10,0
DA:13,0
DA:14,0
DA:17,0
DA:31,0
DA:32,0
LF:7
LH:0
BRDA:27,0,0,0
BRDA:27,0,1,0
BRF:2
BRH:0
end_of_record
TN:
SF:src/renderer/src/components/ide/TerminalPanel.tsx
FN:9,TerminalPanel
FN:10,(anonymous_1)
FN:11,(anonymous_2)
FN:12,(anonymous_3)
FN:13,(anonymous_4)
FN:14,(anonymous_5)
FN:15,(anonymous_6)
FN:16,(anonymous_7)
FN:17,(anonymous_8)
FN:18,(anonymous_9)
FN:19,(anonymous_10)
FN:20,(anonymous_11)
FN:21,(anonymous_12)
FN:22,(anonymous_13)
FN:25,(anonymous_14)
FN:29,(anonymous_15)
FN:31,(anonymous_16)
FN:34,(anonymous_17)
FN:36,(anonymous_18)
FNF:19
FNH:0
FNDA:0,TerminalPanel
FNDA:0,(anonymous_1)
FNDA:0,(anonymous_2)
FNDA:0,(anonymous_3)
FNDA:0,(anonymous_4)
FNDA:0,(anonymous_5)
FNDA:0,(anonymous_6)
FNDA:0,(anonymous_7)
FNDA:0,(anonymous_8)
FNDA:0,(anonymous_9)
FNDA:0,(anonymous_10)
FNDA:0,(anonymous_11)
FNDA:0,(anonymous_12)
FNDA:0,(anonymous_13)
FNDA:0,(anonymous_14)
FNDA:0,(anonymous_15)
FNDA:0,(anonymous_16)
FNDA:0,(anonymous_17)
FNDA:0,(anonymous_18)
DA:10,0
DA:11,0
DA:12,0
DA:13,0
DA:14,0
DA:15,0
DA:16,0
DA:17,0
DA:18,0
DA:19,0
DA:20,0
DA:21,0
DA:22,0
DA:23,0
DA:25,0
DA:26,0
DA:29,0
DA:30,0
DA:31,0
DA:34,0
DA:35,0
DA:36,0
DA:39,0
LF:23
LH:0
BRDA:26,0,0,0
BRDA:26,0,1,0
BRDA:26,1,0,0
BRDA:26,1,1,0
BRDA:31,2,0,0
BRDA:31,2,1,0
BRF:6
BRH:0
end_of_record
TN:
SF:src/renderer/src/components/ide/UnsavedDialog.tsx
FN:8,useUnsavedDialog
FN:11,confirmUnsaved
FNF:2
FNH:0
FNDA:0,useUnsavedDialog
FNDA:0,confirmUnsaved
DA:9,0
DA:12,0
DA:20,0
LF:3
LH:0
BRF:0
BRH:0
end_of_record
TN:
SF:src/renderer/src/components/ide/file-tree-constants.ts
FNF:0
FNH:0
DA:1,0
LF:1
LH:0
BRF:0
BRH:0
end_of_record
TN:
SF:src/renderer/src/components/layout/ActivityBar.tsx
FN:40,ActivityBar
FN:42,(anonymous_1)
FN:44,(anonymous_2)
FN:45,(anonymous_3)
FN:46,(anonymous_4)
FN:47,(anonymous_5)
FN:48,(anonymous_6)
FN:59,handleClick
FN:67,(anonymous_8)
FN:78,handleContextMenu
FN:83,closeContextMenu
FN:87,handleCloseAll
FN:92,(anonymous_12)
FN:104,(anonymous_13)
FN:108,(anonymous_14)
FN:116,(anonymous_15)
FN:120,(anonymous_16)
FN:121,(anonymous_17)
FN:157,(anonymous_18)
FN:181,(anonymous_19)
FN:190,(anonymous_20)
FN:199,(anonymous_21)
FN:208,(anonymous_22)
FN:210,(anonymous_23)
FN:214,(anonymous_24)
FN:230,(anonymous_25)
FN:234,(anonymous_26)
FNF:27
FNH:0
FNDA:0,ActivityBar
FNDA:0,(anonymous_1)
FNDA:0,(anonymous_2)
FNDA:0,(anonymous_3)
FNDA:0,(anonymous_4)
FNDA:0,(anonymous_5)
FNDA:0,(anonymous_6)
FNDA:0,handleClick
FNDA:0,(anonymous_8)
FNDA:0,handleContextMenu
FNDA:0,closeContextMenu
FNDA:0,handleCloseAll
FNDA:0,(anonymous_12)
FNDA:0,(anonymous_13)
FNDA:0,(anonymous_14)
FNDA:0,(anonymous_15)
FNDA:0,(anonymous_16)
FNDA:0,(anonymous_17)
FNDA:0,(anonymous_18)
FNDA:0,(anonymous_19)
FNDA:0,(anonymous_20)
FNDA:0,(anonymous_21)
FNDA:0,(anonymous_22)
FNDA:0,(anonymous_23)
FNDA:0,(anonymous_24)
FNDA:0,(anonymous_25)
FNDA:0,(anonymous_26)
DA:18,0
DA:42,0
DA:44,0
DA:45,0
DA:46,0
DA:47,0
DA:48,0
DA:49,0
DA:51,0
DA:54,0
DA:55,0
DA:57,0
DA:60,0
DA:61,0
DA:62,0
DA:63,0
DA:64,0
DA:65,0
DA:66,0
DA:67,0
DA:68,0
DA:71,0
DA:72,0
DA:73,0
DA:79,0
DA:80,0
DA:84,0
DA:88,0
DA:90,0
DA:91,0
DA:92,0
DA:93,0
DA:94,0
DA:96,0
DA:98,0
DA:101,0
DA:105,0
DA:109,0
DA:110,0
DA:111,0
DA:117,0
DA:118,0
DA:120,0
DA:121,0
DA:158,0
DA:159,0
DA:182,0
DA:183,0
DA:184,0
DA:185,0
DA:191,0
DA:192,0
DA:193,0
DA:194,0
DA:200,0
DA:201,0
DA:202,0
DA:203,0
DA:208,0
DA:211,0
DA:215,0
DA:216,0
DA:231,0
DA:235,0
LF:64
LH:0
BRDA:48,0,0,0
BRDA:48,0,1,0
BRDA:54,1,0,0
BRDA:54,1,1,0
BRDA:63,2,0,0
BRDA:63,2,1,0
BRDA:66,3,0,0
BRDA:66,3,1,0
BRDA:68,4,0,0
BRDA:68,4,1,0
BRDA:72,5,0,0
BRDA:72,5,1,0
BRDA:93,6,0,0
BRDA:93,6,1,0
BRDA:102,7,0,0
BRDA:102,7,1,0
BRDA:114,8,0,0
BRDA:114,8,1,0
BRDA:123,9,0,0
BRDA:123,9,1,0
BRDA:124,10,0,0
BRDA:124,10,1,0
BRDA:129,11,0,0
BRDA:129,11,1,0
BRDA:147,12,0,0
BRDA:147,12,1,0
BRDA:184,13,0,0
BRDA:184,13,1,0
BRDA:193,14,0,0
BRDA:193,14,1,0
BRDA:202,15,0,0
BRDA:202,15,1,0
BRF:32
BRH:0
end_of_record
TN:
SF:src/renderer/src/components/layout/CommandPalette.tsx
FN:30,fuzzyMatch
FN:45,CommandPalette
FN:54,(anonymous_2)
FN:55,(anonymous_3)
FN:58,(anonymous_4)
FN:62,(anonymous_5)
FN:71,(anonymous_6)
FN:74,(anonymous_7)
FN:79,(anonymous_8)
FN:90,(anonymous_9)
FN:95,(anonymous_10)
FN:107,(anonymous_11)
FN:111,(anonymous_12)
FN:121,(anonymous_13)
FN:132,(anonymous_14)
FN:148,(anonymous_15)
FN:158,(anonymous_16)
FN:169,(anonymous_17)
FN:182,(anonymous_18)
FN:189,(anonymous_19)
FN:195,(anonymous_20)
FN:206,(anonymous_21)
FN:208,(anonymous_22)
FN:212,(anonymous_23)
FN:215,(anonymous_24)
FN:218,(anonymous_25)
FN:220,(anonymous_26)
FN:224,(anonymous_27)
FN:224,(anonymous_28)
FN:225,(anonymous_29)
FN:236,(anonymous_30)
FN:242,(anonymous_31)
FN:247,(anonymous_32)
FN:256,(anonymous_33)
FN:262,(anonymous_34)
FN:265,(anonymous_35)
FN:281,(anonymous_36)
FN:298,(anonymous_37)
FN:302,(anonymous_38)
FN:305,(anonymous_39)
FN:313,(anonymous_40)
FN:314,(anonymous_41)
FNF:42
FNH:0
FNDA:0,fuzzyMatch
FNDA:0,CommandPalette
FNDA:0,(anonymous_2)
FNDA:0,(anonymous_3)
FNDA:0,(anonymous_4)
FNDA:0,(anonymous_5)
FNDA:0,(anonymous_6)
FNDA:0,(anonymous_7)
FNDA:0,(anonymous_8)
FNDA:0,(anonymous_9)
FNDA:0,(anonymous_10)
FNDA:0,(anonymous_11)
FNDA:0,(anonymous_12)
FNDA:0,(anonymous_13)
FNDA:0,(anonymous_14)
FNDA:0,(anonymous_15)
FNDA:0,(anonymous_16)
FNDA:0,(anonymous_17)
FNDA:0,(anonymous_18)
FNDA:0,(anonymous_19)
FNDA:0,(anonymous_20)
FNDA:0,(anonymous_21)
FNDA:0,(anonymous_22)
FNDA:0,(anonymous_23)
FNDA:0,(anonymous_24)
FNDA:0,(anonymous_25)
FNDA:0,(anonymous_26)
FNDA:0,(anonymous_27)
FNDA:0,(anonymous_28)
FNDA:0,(anonymous_29)
FNDA:0,(anonymous_30)
FNDA:0,(anonymous_31)
FNDA:0,(anonymous_32)
FNDA:0,(anonymous_33)
FNDA:0,(anonymous_34)
FNDA:0,(anonymous_35)
FNDA:0,(anonymous_36)
FNDA:0,(anonymous_37)
FNDA:0,(anonymous_38)
FNDA:0,(anonymous_39)
FNDA:0,(anonymous_40)
FNDA:0,(anonymous_41)
DA:23,0
DA:31,0
DA:32,0
DA:33,0
DA:34,0
DA:35,0
DA:37,0
DA:46,0
DA:47,0
DA:48,0
DA:49,0
DA:50,0
DA:51,0
DA:52,0
DA:53,0
DA:54,0
DA:55,0
DA:58,0
DA:59,0
DA:60,0
DA:61,0
DA:62,0
DA:64,0
DA:65,0
DA:68,0
DA:72,0
DA:79,0
DA:80,0
DA:90,0
DA:96,0
DA:97,0
DA:101,0
DA:108,0
DA:109,0
DA:111,0
DA:112,0
DA:122,0
DA:123,0
DA:125,0
DA:126,0
DA:127,0
DA:128,0
DA:131,0
DA:132,0
DA:133,0
DA:135,0
DA:137,0
DA:142,0
DA:149,0
DA:150,0
DA:151,0
DA:159,0
DA:160,0
DA:161,0
DA:170,0
DA:171,0
DA:172,0
DA:173,0
DA:175,0
DA:183,0
DA:184,0
DA:189,0
DA:190,0
DA:196,0
DA:197,0
DA:198,0
DA:203,0
DA:206,0
DA:207,0
DA:208,0
DA:212,0
DA:213,0
DA:214,0
DA:215,0
DA:218,0
DA:220,0
DA:224,0
DA:225,0
DA:226,0
DA:227,0
DA:228,0
DA:229,0
DA:230,0
DA:233,0
DA:236,0
DA:237,0
DA:238,0
DA:242,0
DA:243,0
DA:247,0
DA:248,0
DA:249,0
DA:250,0
DA:251,0
DA:255,0
DA:257,0
DA:258,0
DA:259,0
DA:260,0
DA:261,0
DA:262,0
DA:263,0
DA:264,0
DA:265,0
DA:266,0
DA:267,0
DA:268,0
DA:274,0
DA:281,0
DA:298,0
DA:303,0
DA:306,0
DA:307,0
DA:313,0
DA:314,0
LF:115
LH:0
BRDA:34,0,0,0
BRDA:34,0,1,0
BRDA:35,1,0,0
BRDA:35,1,1,0
BRDA:59,2,0,0
BRDA:59,2,1,0
BRDA:125,3,0,0
BRDA:125,3,1,0
BRDA:133,4,0,0
BRDA:133,4,1,0
BRDA:150,5,0,0
BRDA:150,5,1,0
BRDA:160,6,0,0
BRDA:160,6,1,0
BRDA:171,7,0,0
BRDA:171,7,1,0
BRDA:173,8,0,0
BRDA:173,8,1,0
BRDA:192,9,0,0
BRDA:192,9,1,0
BRDA:207,10,0,0
BRDA:207,10,1,0
BRDA:237,11,0,0
BRDA:237,11,1,0
BRDA:248,12,0,0
BRDA:248,12,1,0
BRDA:250,13,0,0
BRDA:250,13,1,0
BRDA:257,14,0,0
BRDA:257,14,1,0
BRDA:260,15,0,0
BRDA:260,15,1,0
BRDA:263,16,0,0
BRDA:263,16,1,0
BRDA:266,17,0,0
BRDA:266,17,1,0
BRDA:276,18,0,0
BRDA:276,18,1,0
BRDA:287,19,0,0
BRDA:287,19,1,0
BRDA:306,20,0,0
BRDA:306,20,1,0
BRDA:310,21,0,0
BRDA:310,21,1,0
BRDA:317,22,0,0
BRDA:317,22,1,0
BRDA:323,23,0,0
BRDA:323,23,1,0
BRF:48
BRH:0
end_of_record
TN:
SF:src/renderer/src/components/layout/NotificationBell.tsx
FN:22,NotificationBell
FN:27,(anonymous_1)
FN:28,(anonymous_2)
FN:29,(anonymous_3)
FN:30,(anonymous_4)
FN:35,(anonymous_5)
FN:38,(anonymous_6)
FN:50,(anonymous_7)
FN:53,(anonymous_8)
FN:61,(anonymous_9)
FN:62,(anonymous_10)
FN:65,(anonymous_11)
FN:107,(anonymous_12)
FN:117,(anonymous_13)
FNF:14
FNH:0
FNDA:0,NotificationBell
FNDA:0,(anonymous_1)
FNDA:0,(anonymous_2)
FNDA:0,(anonymous_3)
FNDA:0,(anonymous_4)
FNDA:0,(anonymous_5)
FNDA:0,(anonymous_6)
FNDA:0,(anonymous_7)
FNDA:0,(anonymous_8)
FNDA:0,(anonymous_9)
FNDA:0,(anonymous_10)
FNDA:0,(anonymous_11)
FNDA:0,(anonymous_12)
FNDA:0,(anonymous_13)
DA:6,0
DA:14,0
DA:23,0
DA:24,0
DA:25,0
DA:27,0
DA:28,0
DA:29,0
DA:30,0
DA:32,0
DA:35,0
DA:36,0
DA:38,0
DA:39,0
DA:45,0
DA:49,0
DA:50,0
DA:53,0
DA:54,0
DA:55,0
DA:61,0
DA:62,0
DA:65,0
DA:66,0
DA:69,0
DA:108,0
DA:109,0
DA:111,0
DA:117,0
LF:29
LH:0
BRDA:36,0,0,0
BRDA:36,0,1,0
BRDA:39,1,0,0
BRDA:39,1,1,0
BRDA:40,2,0,0
BRDA:40,2,1,0
BRDA:40,2,2,0
BRDA:40,2,3,0
BRDA:55,3,0,0
BRDA:55,3,1,0
BRDA:79,4,0,0
BRDA:79,4,1,0
BRDA:86,5,0,0
BRDA:86,5,1,0
BRDA:90,6,0,0
BRDA:90,6,1,0
BRDA:101,7,0,0
BRDA:101,7,1,0
BRDA:115,8,0,0
BRDA:115,8,1,0
BRDA:127,9,0,0
BRDA:127,9,1,0
BRF:22
BRH:0
end_of_record
TN:
SF:src/renderer/src/components/layout/StatusBar.tsx
FN:7,StatusBar
FNF:1
FNH:0
FNDA:0,StatusBar
DA:8,0
LF:1
LH:0
BRDA:17,0,0,0
BRDA:17,0,1,0
BRF:2
BRH:0
end_of_record
TN:
SF:src/renderer/src/components/layout/TitleBar.tsx
FN:13,TitleBar
FN:14,(anonymous_1)
FN:15,(anonymous_2)
FN:16,(anonymous_3)
FNF:4
FNH:0
FNDA:0,TitleBar
FNDA:0,(anonymous_1)
FNDA:0,(anonymous_2)
FNDA:0,(anonymous_3)
DA:14,0
DA:15,0
DA:16,0
DA:18,0
LF:4
LH:0
BRDA:29,0,0,0
BRDA:29,0,1,0
BRDA:33,1,0,0
BRDA:33,1,1,0
BRDA:36,2,0,0
BRDA:36,2,1,0
BRDA:40,3,0,0
BRDA:40,3,1,0
BRDA:46,4,0,0
BRDA:46,4,1,0
BRF:10
BRH:0
end_of_record
TN:
SF:src/renderer/src/components/layout/ToastContainer.tsx
FN:5,ToastItem
FN:21,(anonymous_1)
FN:33,(anonymous_2)
FN:46,ToastContainer
FN:47,(anonymous_4)
FN:48,(anonymous_5)
FN:56,(anonymous_6)
FN:65,(anonymous_7)
FNF:8
FNH:0
FNDA:0,ToastItem
FNDA:0,(anonymous_1)
FNDA:0,(anonymous_2)
FNDA:0,ToastContainer
FNDA:0,(anonymous_4)
FNDA:0,(anonymous_5)
FNDA:0,(anonymous_6)
FNDA:0,(anonymous_7)
DA:7,0
DA:13,0
DA:15,0
DA:22,0
DA:23,0
DA:24,0
DA:34,0
DA:35,0
DA:36,0
DA:47,0
DA:48,0
DA:49,0
DA:51,0
DA:53,0
DA:57,0
DA:65,0
LF:16
LH:0
BRDA:7,0,0,0
BRDA:7,0,1,0
BRDA:9,1,0,0
BRDA:9,1,1,0
BRDA:13,2,0,0
BRDA:13,2,1,0
BRDA:16,3,0,0
BRDA:16,3,1,0
BRDA:16,4,0,0
BRDA:16,4,1,0
BRDA:18,5,0,0
BRDA:18,5,1,0
BRDA:30,6,0,0
BRDA:30,6,1,0
BRDA:30,6,2,0
BRDA:51,7,0,0
BRDA:51,7,1,0
BRDA:63,8,0,0
BRDA:63,8,1,0
BRF:19
BRH:0
end_of_record
TN:
SF:src/renderer/src/components/neon/ActivityFeed.tsx
FN:15,formatRelativeTime
FN:26,ActivityFeed
FN:39,(anonymous_2)
FNF:3
FNH:3
FNDA:8,formatRelativeTime
FNDA:7,ActivityFeed
FNDA:8,(anonymous_2)
DA:16,8
DA:17,8
DA:18,8
DA:19,5
DA:20,5
DA:21,0
DA:22,0
DA:23,0
DA:27,7
DA:29,7
DA:30,4
DA:37,3
DA:40,8
LF:13
LH:10
BRDA:17,0,0,0
BRDA:17,0,1,8
BRDA:18,1,0,3
BRDA:18,1,1,5
BRDA:20,2,0,5
BRDA:20,2,1,0
BRDA:22,3,0,0
BRDA:22,3,1,0
BRDA:27,4,0,1
BRDA:27,4,1,6
BRDA:29,5,0,4
BRDA:29,5,1,3
BRF:12
BRH:8
end_of_record
TN:
SF:src/renderer/src/components/neon/GlassPanel.tsx
FN:18,GlassPanel
FNF:1
FNH:1
FNDA:3,GlassPanel
DA:12,2
DA:19,3
LF:2
LH:2
BRDA:18,0,0,3
BRDA:18,1,0,3
BRDA:25,2,0,1
BRDA:25,2,1,2
BRDA:28,3,0,1
BRDA:28,3,1,2
BRDA:29,4,0,1
BRDA:29,4,1,2
BRF:8
BRH:8
end_of_record
TN:
SF:src/renderer/src/components/neon/MiniChart.tsx
FN:14,MiniChart
FN:23,(anonymous_1)
FN:32,(anonymous_2)
FNF:3
FNH:3
FNDA:6,MiniChart
FNDA:8,(anonymous_1)
FNDA:8,(anonymous_2)
DA:15,6
DA:16,4
DA:23,8
DA:25,2
DA:33,8
DA:34,8
DA:35,8
LF:7
LH:7
BRDA:14,0,0,6
BRDA:15,1,0,4
BRDA:15,1,1,2
BRDA:33,2,0,8
BRDA:33,2,1,0
BRDA:39,3,0,8
BRDA:39,3,1,8
BRF:7
BRH:6
end_of_record
TN:
SF:src/renderer/src/components/neon/NeonBadge.tsx
FN:9,NeonBadge
FNF:1
FNH:1
FNDA:3,NeonBadge
DA:10,3
LF:1
LH:1
BRDA:9,0,0,3
BRDA:12,1,0,1
BRDA:12,1,1,2
BRDA:28,2,0,1
BRDA:28,2,1,2
BRF:5
BRH:5
end_of_record
TN:
SF:src/renderer/src/components/neon/NeonCard.tsx
FN:15,NeonCard
FNF:1
FNH:1
FNDA:17,NeonCard
DA:24,17
DA:41,17
LF:2
LH:2
BRDA:16,0,0,17
BRDA:21,1,0,17
BRDA:35,2,0,13
BRDA:35,2,1,4
BRDA:43,3,0,17
BRDA:43,3,1,13
BRDA:51,4,0,13
BRDA:51,4,1,10
BRDA:59,5,0,13
BRDA:59,5,1,0
BRDA:62,6,0,13
BRDA:62,6,1,4
BRF:12
BRH:11
end_of_record
TN:
SF:src/renderer/src/components/neon/NeonProgress.tsx
FN:9,NeonProgress
FNF:1
FNH:1
FNDA:3,NeonProgress
DA:10,3
DA:12,3
LF:2
LH:2
BRDA:14,0,0,3
BRDA:14,0,1,1
BRF:2
BRH:2
end_of_record
TN:
SF:src/renderer/src/components/neon/ParticleField.tsx
FN:10,ParticleField
FN:11,(anonymous_1)
FN:12,(anonymous_2)
FN:35,(anonymous_3)
FNF:4
FNH:4
FNDA:3,ParticleField
FNDA:3,(anonymous_1)
FNDA:41,(anonymous_2)
FNDA:41,(anonymous_3)
DA:8,2
DA:11,3
DA:12,41
DA:24,3
DA:36,41
LF:5
LH:5
BRDA:10,0,0,3
BRF:1
BRH:1
end_of_record
TN:
SF:src/renderer/src/components/neon/PipelineFlow.tsx
FN:13,PipelineFlow
FN:16,(anonymous_1)
FNF:2
FNH:2
FNDA:5,PipelineFlow
FNDA:18,(anonymous_1)
DA:14,5
DA:17,18
LF:2
LH:2
BRDA:30,0,0,18
BRDA:30,0,1,13
BRF:2
BRH:2
end_of_record
TN:
SF:src/renderer/src/components/neon/ScanlineOverlay.tsx
FN:5,ScanlineOverlay
FNF:1
FNH:1
FNDA:2,ScanlineOverlay
DA:6,2
LF:1
LH:1
BRDA:15,0,0,2
BRDA:15,0,1,2
BRF:2
BRH:2
end_of_record
TN:
SF:src/renderer/src/components/neon/StatCounter.tsx
FN:15,StatCounter
FNF:1
FNH:1
FNDA:16,StatCounter
DA:16,16
LF:1
LH:1
BRDA:48,0,0,16
BRDA:48,0,1,4
BRDA:56,1,0,16
BRDA:56,1,1,1
BRDA:58,2,0,1
BRDA:58,2,1,0
BRDA:63,3,0,1
BRDA:63,3,1,0
BRF:8
BRH:6
end_of_record
TN:
SF:src/renderer/src/components/neon/StatusBar.tsx
FN:21,StatusBar
FNF:1
FNH:1
FNDA:7,StatusBar
DA:9,2
DA:15,2
DA:22,7
LF:3
LH:3
BRDA:48,0,0,7
BRDA:48,0,1,4
BRF:2
BRH:2
end_of_record
TN:
SF:src/renderer/src/components/neon/index.ts
FNF:0
FNH:0
LF:0
LH:0
BRF:0
BRH:0
end_of_record
TN:
SF:src/renderer/src/components/neon/types.ts
FN:6,neonVar
FNF:1
FNH:1
FNDA:391,neonVar
DA:7,391
DA:13,391
DA:17,10
LF:3
LH:3
BRF:0
BRH:0
end_of_record
TN:
SF:src/renderer/src/components/panels/PanelDropOverlay.tsx
FN:30,getDropZone
FN:47,zoneStyle
FN:72,PanelDropOverlay
FN:75,handleDragOver
FN:83,handleDrop
FN:102,handleDragLeave
FNF:6
FNH:0
FNDA:0,getDropZone
FNDA:0,zoneStyle
FNDA:0,PanelDropOverlay
FNDA:0,handleDragOver
FNDA:0,handleDrop
FNDA:0,handleDragLeave
DA:31,0
DA:32,0
DA:34,0
DA:35,0
DA:36,0
DA:37,0
DA:38,0
DA:45,0
DA:48,0
DA:54,0
DA:56,0
DA:58,0
DA:60,0
DA:62,0
DA:64,0
DA:73,0
DA:76,0
DA:77,0
DA:78,0
DA:79,0
DA:80,0
DA:84,0
DA:85,0
DA:86,0
DA:88,0
DA:89,0
DA:92,0
DA:93,0
DA:95,0
DA:98,0
DA:99,0
DA:103,0
DA:106,0
LF:33
LH:0
BRDA:34,0,0,0
BRDA:34,0,1,0
BRDA:35,1,0,0
BRDA:35,1,1,0
BRDA:36,2,0,0
BRDA:36,2,1,0
BRDA:37,3,0,0
BRDA:37,3,1,0
BRDA:54,4,0,0
BRDA:54,4,1,0
BRDA:54,4,2,0
BRDA:54,4,3,0
BRDA:54,4,4,0
BRDA:86,5,0,0
BRDA:86,5,1,0
BRDA:118,6,0,0
BRDA:118,6,1,0
BRF:17
BRH:0
end_of_record
TN:
SF:src/renderer/src/components/panels/PanelLeaf.tsx
FN:13,(anonymous_0)
FN:14,(anonymous_1)
FN:15,(anonymous_2)
FN:16,(anonymous_3)
FN:17,(anonymous_4)
FN:18,(anonymous_5)
FN:19,(anonymous_6)
FN:20,(anonymous_7)
FN:21,(anonymous_8)
FN:28,(anonymous_9)
FN:29,(anonymous_10)
FN:30,(anonymous_11)
FN:31,(anonymous_12)
FN:32,(anonymous_13)
FN:33,(anonymous_14)
FN:34,(anonymous_15)
FN:35,(anonymous_16)
FN:36,(anonymous_17)
FN:43,resolveView
FN:72,ViewSkeleton
FN:116,PanelLeaf
FN:117,(anonymous_21)
FN:118,(anonymous_22)
FN:124,handlePanelClick
FN:128,handleDragEnter
FN:134,handleDragLeave
FN:142,(anonymous_26)
FN:183,(anonymous_27)
FNF:28
FNH:0
FNDA:0,(anonymous_0)
FNDA:0,(anonymous_1)
FNDA:0,(anonymous_2)
FNDA:0,(anonymous_3)
FNDA:0,(anonymous_4)
FNDA:0,(anonymous_5)
FNDA:0,(anonymous_6)
FNDA:0,(anonymous_7)
FNDA:0,(anonymous_8)
FNDA:0,(anonymous_9)
FNDA:0,(anonymous_10)
FNDA:0,(anonymous_11)
FNDA:0,(anonymous_12)
FNDA:0,(anonymous_13)
FNDA:0,(anonymous_14)
FNDA:0,(anonymous_15)
FNDA:0,(anonymous_16)
FNDA:0,(anonymous_17)
FNDA:0,resolveView
FNDA:0,ViewSkeleton
FNDA:0,PanelLeaf
FNDA:0,(anonymous_21)
FNDA:0,(anonymous_22)
FNDA:0,handlePanelClick
FNDA:0,handleDragEnter
FNDA:0,handleDragLeave
FNDA:0,(anonymous_26)
FNDA:0,(anonymous_27)
DA:13,0
DA:14,0
DA:15,0
DA:16,0
DA:17,0
DA:18,0
DA:19,0
DA:20,0
DA:21,0
DA:27,0
DA:28,0
DA:29,0
DA:30,0
DA:31,0
DA:32,0
DA:33,0
DA:34,0
DA:35,0
DA:36,0
DA:44,0
DA:46,0
DA:48,0
DA:50,0
DA:52,0
DA:54,0
DA:56,0
DA:58,0
DA:60,0
DA:62,0
DA:64,0
DA:73,0
DA:117,0
DA:118,0
DA:119,0
DA:120,0
DA:122,0
DA:125,0
DA:129,0
DA:130,0
DA:135,0
DA:136,0
DA:137,0
DA:141,0
DA:143,0
DA:144,0
DA:147,0
DA:148,0
DA:149,0
DA:152,0
DA:153,0
DA:156,0
DA:161,0
DA:184,0
DA:185,0
LF:54
LH:0
BRDA:44,0,0,0
BRDA:44,0,1,0
BRDA:44,0,2,0
BRDA:44,0,3,0
BRDA:44,0,4,0
BRDA:44,0,5,0
BRDA:44,0,6,0
BRDA:44,0,7,0
BRDA:44,0,8,0
BRDA:44,0,9,0
BRDA:129,1,0,0
BRDA:129,1,1,0
BRDA:136,2,0,0
BRDA:136,2,1,0
BRDA:136,3,0,0
BRDA:136,3,1,0
BRDA:143,4,0,0
BRDA:143,4,1,0
BRDA:143,5,0,0
BRDA:143,5,1,0
BRDA:147,6,0,0
BRDA:147,6,1,0
BRDA:148,7,0,0
BRDA:148,7,1,0
BRDA:152,8,0,0
BRDA:152,8,1,0
BRDA:152,9,0,0
BRDA:152,9,1,0
BRDA:175,10,0,0
BRDA:175,10,1,0
BRDA:193,11,0,0
BRDA:193,11,1,0
BRDA:204,12,0,0
BRDA:204,12,1,0
BRF:34
BRH:0
end_of_record
TN:
SF:src/renderer/src/components/panels/PanelRenderer.tsx
FN:11,PanelRenderer
FNF:1
FNH:0
FNDA:0,PanelRenderer
DA:12,0
DA:13,0
DA:16,0
LF:3
LH:0
BRDA:12,0,0,0
BRDA:12,0,1,0
BRF:2
BRH:0
end_of_record
TN:
SF:src/renderer/src/components/panels/PanelResizeHandle.tsx
FN:5,PanelResizeHandle
FNF:1
FNH:0
FNDA:0,PanelResizeHandle
DA:6,0
DA:7,0
LF:2
LH:0
BRDA:10,0,0,0
BRDA:10,0,1,0
BRDA:11,1,0,0
BRDA:11,1,1,0
BRDA:13,2,0,0
BRDA:13,2,1,0
BRF:6
BRH:0
end_of_record
TN:
SF:src/renderer/src/components/panels/PanelTabBar.tsx
FN:14,PanelTabBar
FN:15,(anonymous_1)
FN:16,(anonymous_2)
FN:17,(anonymous_3)
FN:18,(anonymous_4)
FN:23,handleTabClick
FN:28,handleTabClose
FN:33,handleDragStart
FN:64,(anonymous_8)
FN:74,(anonymous_9)
FN:75,(anonymous_10)
FN:96,(anonymous_11)
FNF:12
FNH:0
FNDA:0,PanelTabBar
FNDA:0,(anonymous_1)
FNDA:0,(anonymous_2)
FNDA:0,(anonymous_3)
FNDA:0,(anonymous_4)
FNDA:0,handleTabClick
FNDA:0,handleTabClose
FNDA:0,handleDragStart
FNDA:0,(anonymous_8)
FNDA:0,(anonymous_9)
FNDA:0,(anonymous_10)
FNDA:0,(anonymous_11)
DA:15,0
DA:16,0
DA:17,0
DA:18,0
DA:21,0
DA:24,0
DA:25,0
DA:29,0
DA:30,0
DA:37,0
DA:38,0
DA:39,0
DA:47,0
DA:50,0
DA:65,0
DA:66,0
DA:74,0
DA:75,0
DA:96,0
LF:19
LH:0
BRDA:21,0,0,0
BRDA:21,0,1,0
BRDA:83,1,0,0
BRDA:83,1,1,0
BRDA:84,2,0,0
BRDA:84,2,1,0
BRDA:94,3,0,0
BRDA:94,3,1,0
BRF:8
BRH:0
end_of_record
TN:
SF:src/renderer/src/components/pr-station/MergeButton.tsx
FN:20,MergeButton
FN:30,(anonymous_1)
FN:32,(anonymous_2)
FN:34,handleOutside
FN:40,(anonymous_4)
FN:44,(anonymous_5)
FN:49,handleMerge
FN:50,(anonymous_7)
FN:64,(anonymous_8)
FN:85,(anonymous_9)
FN:85,(anonymous_10)
FN:96,(anonymous_11)
FN:102,(anonymous_12)
FNF:13
FNH:0
FNDA:0,MergeButton
FNDA:0,(anonymous_1)
FNDA:0,(anonymous_2)
FNDA:0,handleOutside
FNDA:0,(anonymous_4)
FNDA:0,(anonymous_5)
FNDA:0,handleMerge
FNDA:0,(anonymous_7)
FNDA:0,(anonymous_8)
FNDA:0,(anonymous_9)
FNDA:0,(anonymous_10)
FNDA:0,(anonymous_11)
FNDA:0,(anonymous_12)
DA:14,0
DA:21,0
DA:22,0
DA:23,0
DA:24,0
DA:26,0
DA:27,0
DA:28,0
DA:30,0
DA:32,0
DA:33,0
DA:35,0
DA:36,0
DA:39,0
DA:40,0
DA:44,0
DA:45,0
DA:46,0
DA:50,0
DA:51,0
DA:52,0
DA:53,0
DA:54,0
DA:55,0
DA:56,0
DA:58,0
DA:60,0
DA:64,0
DA:65,0
DA:71,0
DA:85,0
DA:97,0
DA:103,0
DA:104,0
LF:34
LH:0
BRDA:27,0,0,0
BRDA:27,0,1,0
BRDA:28,1,0,0
BRDA:28,1,1,0
BRDA:28,1,2,0
BRDA:33,2,0,0
BRDA:33,2,1,0
BRDA:35,3,0,0
BRDA:35,3,1,0
BRDA:35,4,0,0
BRDA:35,4,1,0
BRDA:51,5,0,0
BRDA:51,5,1,0
BRDA:58,6,0,0
BRDA:58,6,1,0
BRDA:65,7,0,0
BRDA:65,7,1,0
BRDA:67,8,0,0
BRDA:67,8,1,0
BRDA:81,9,0,0
BRDA:81,9,1,0
BRDA:94,10,0,0
BRDA:94,10,1,0
BRDA:101,11,0,0
BRDA:101,11,1,0
BRF:25
BRH:0
end_of_record
TN:
SF:src/renderer/src/components/pr-station/PRStationActions.tsx
FN:28,PRStationActions
FN:39,(anonymous_1)
FN:41,(anonymous_2)
FN:43,(anonymous_3)
FN:45,handleOutside
FN:51,(anonymous_5)
FN:54,(anonymous_6)
FN:59,handleMerge
FN:74,handleClose
FN:100,(anonymous_9)
FN:111,(anonymous_10)
FN:125,(anonymous_11)
FN:139,(anonymous_12)
FN:147,(anonymous_13)
FN:147,(anonymous_14)
FN:155,(anonymous_15)
FN:159,(anonymous_16)
FN:174,(anonymous_17)
FNF:18
FNH:0
FNDA:0,PRStationActions
FNDA:0,(anonymous_1)
FNDA:0,(anonymous_2)
FNDA:0,(anonymous_3)
FNDA:0,handleOutside
FNDA:0,(anonymous_5)
FNDA:0,(anonymous_6)
FNDA:0,handleMerge
FNDA:0,handleClose
FNDA:0,(anonymous_9)
FNDA:0,(anonymous_10)
FNDA:0,(anonymous_11)
FNDA:0,(anonymous_12)
FNDA:0,(anonymous_13)
FNDA:0,(anonymous_14)
FNDA:0,(anonymous_15)
FNDA:0,(anonymous_16)
FNDA:0,(anonymous_17)
DA:20,0
DA:29,0
DA:30,0
DA:31,0
DA:32,0
DA:33,0
DA:35,0
DA:36,0
DA:37,0
DA:39,0
DA:41,0
DA:43,0
DA:44,0
DA:46,0
DA:47,0
DA:50,0
DA:51,0
DA:54,0
DA:55,0
DA:56,0
DA:60,0
DA:61,0
DA:62,0
DA:63,0
DA:64,0
DA:65,0
DA:67,0
DA:69,0
DA:70,0
DA:75,0
DA:76,0
DA:77,0
DA:78,0
DA:79,0
DA:80,0
DA:82,0
DA:84,0
DA:85,0
DA:89,0
DA:90,0
DA:100,0
DA:102,0
DA:103,0
DA:111,0
DA:118,0
DA:119,0
DA:125,0
DA:132,0
DA:139,0
DA:147,0
DA:156,0
DA:160,0
DA:161,0
DA:174,0
LF:54
LH:0
BRDA:37,0,0,0
BRDA:37,0,1,0
BRDA:44,1,0,0
BRDA:44,1,1,0
BRDA:46,2,0,0
BRDA:46,2,1,0
BRDA:46,3,0,0
BRDA:46,3,1,0
BRDA:60,4,0,0
BRDA:60,4,1,0
BRDA:67,5,0,0
BRDA:67,5,1,0
BRDA:75,6,0,0
BRDA:75,6,1,0
BRDA:82,7,0,0
BRDA:82,7,1,0
BRDA:89,8,0,0
BRDA:89,8,1,0
BRDA:102,9,0,0
BRDA:102,9,1,0
BRDA:118,10,0,0
BRDA:118,10,1,0
BRDA:140,11,0,0
BRDA:140,11,1,0
BRDA:153,12,0,0
BRDA:153,12,1,0
BRDA:158,13,0,0
BRDA:158,13,1,0
BRF:28
BRH:0
end_of_record
TN:
SF:src/renderer/src/components/pr-station/PRStationChecks.tsx
FN:9,CheckIcon
FN:19,checkStatusClass
FN:25,PRStationChecks
FN:51,(anonymous_3)
FNF:4
FNH:0
FNDA:0,CheckIcon
FNDA:0,checkStatusClass
FNDA:0,PRStationChecks
FNDA:0,(anonymous_3)
DA:10,0
DA:11,0
DA:13,0
DA:14,0
DA:16,0
DA:20,0
DA:21,0
DA:22,0
DA:26,0
DA:27,0
DA:38,0
DA:39,0
DA:47,0
DA:52,0
LF:14
LH:0
BRDA:10,0,0,0
BRDA:10,0,1,0
BRDA:13,1,0,0
BRDA:13,1,1,0
BRDA:13,2,0,0
BRDA:13,2,1,0
BRDA:20,3,0,0
BRDA:20,3,1,0
BRDA:21,4,0,0
BRDA:21,4,1,0
BRDA:21,5,0,0
BRDA:21,5,1,0
BRDA:26,6,0,0
BRDA:26,6,1,0
BRDA:38,7,0,0
BRDA:38,7,1,0
BRDA:55,8,0,0
BRDA:55,8,1,0
BRF:18
BRH:0
end_of_record
TN:
SF:src/renderer/src/components/pr-station/PRStationConflictBanner.tsx
FN:11,PRStationConflictBanner
FN:15,(anonymous_1)
FN:21,(anonymous_2)
FN:27,(anonymous_3)
FN:30,(anonymous_4)
FN:33,(anonymous_5)
FN:48,(anonymous_6)
FNF:7
FNH:0
FNDA:0,PRStationConflictBanner
FNDA:0,(anonymous_1)
FNDA:0,(anonymous_2)
FNDA:0,(anonymous_3)
FNDA:0,(anonymous_4)
FNDA:0,(anonymous_5)
FNDA:0,(anonymous_6)
DA:12,0
DA:13,0
DA:15,0
DA:16,0
DA:17,0
DA:18,0
DA:21,0
DA:22,0
DA:24,0
DA:25,0
DA:28,0
DA:31,0
DA:33,0
DA:36,0
DA:38,0
DA:49,0
LF:16
LH:0
BRDA:16,0,0,0
BRDA:16,0,1,0
BRDA:22,1,0,0
BRDA:22,1,1,0
BRDA:36,2,0,0
BRDA:36,2,1,0
BRDA:44,3,0,0
BRDA:44,3,1,0
BRDA:46,4,0,0
BRDA:46,4,1,0
BRF:10
BRH:0
end_of_record
TN:
SF:src/renderer/src/components/pr-station/PRStationConversation.tsx
FN:16,buildTimeline
FN:20,(anonymous_1)
FN:34,(anonymous_2)
FN:52,(anonymous_3)
FN:53,(anonymous_4)
FN:56,CommentCard
FN:81,PRStationConversation
FN:118,(anonymous_7)
FN:139,(anonymous_8)
FNF:9
FNH:0
FNDA:0,buildTimeline
FNDA:0,(anonymous_1)
FNDA:0,(anonymous_2)
FNDA:0,(anonymous_3)
FNDA:0,(anonymous_4)
FNDA:0,CommentCard
FNDA:0,PRStationConversation
FNDA:0,(anonymous_7)
FNDA:0,(anonymous_8)
DA:20,0
DA:21,0
DA:22,0
DA:23,0
DA:24,0
DA:25,0
DA:26,0
DA:30,0
DA:31,0
DA:32,0
DA:33,0
DA:34,0
DA:35,0
DA:36,0
DA:39,0
DA:41,0
DA:42,0
DA:45,0
DA:46,0
DA:52,0
DA:53,0
DA:66,0
DA:67,0
DA:86,0
DA:87,0
DA:98,0
DA:100,0
DA:101,0
DA:109,0
DA:111,0
DA:119,0
DA:120,0
DA:129,0
DA:130,0
DA:140,0
LF:35
LH:0
BRDA:23,0,0,0
BRDA:23,0,1,0
BRDA:24,1,0,0
BRDA:24,1,1,0
BRDA:33,2,0,0
BRDA:33,2,1,0
BRDA:48,3,0,0
BRDA:48,3,1,0
BRDA:86,4,0,0
BRDA:86,4,1,0
BRDA:100,5,0,0
BRDA:100,5,1,0
BRDA:119,6,0,0
BRDA:119,6,1,0
BRDA:135,7,0,0
BRDA:135,7,1,0
BRF:16
BRH:0
end_of_record
TN:
SF:src/renderer/src/components/pr-station/PRStationDetail.tsx
FN:32,FileStatusIcon
FN:43,fileStatusLabel
FN:52,fileStatusBadgeClass
FN:60,PRStationDetail
FN:72,(anonymous_4)
FN:75,fetchAll
FN:76,(anonymous_6)
FN:126,(anonymous_7)
FN:179,(anonymous_8)
FN:239,(anonymous_9)
FNF:10
FNH:0
FNDA:0,FileStatusIcon
FNDA:0,fileStatusLabel
FNDA:0,fileStatusBadgeClass
FNDA:0,PRStationDetail
FNDA:0,(anonymous_4)
FNDA:0,fetchAll
FNDA:0,(anonymous_6)
FNDA:0,(anonymous_7)
FNDA:0,(anonymous_8)
FNDA:0,(anonymous_9)
DA:33,0
DA:35,0
DA:37,0
DA:39,0
DA:44,0
DA:45,0
DA:46,0
DA:47,0
DA:48,0
DA:53,0
DA:54,0
DA:55,0
DA:56,0
DA:61,0
DA:62,0
DA:63,0
DA:64,0
DA:65,0
DA:66,0
DA:67,0
DA:68,0
DA:69,0
DA:70,0
DA:72,0
DA:73,0
DA:76,0
DA:77,0
DA:79,0
DA:80,0
DA:81,0
DA:82,0
DA:84,0
DA:86,0
DA:93,0
DA:95,0
DA:96,0
DA:97,0
DA:98,0
DA:99,0
DA:101,0
DA:102,0
DA:103,0
DA:104,0
DA:105,0
DA:106,0
DA:107,0
DA:108,0
DA:110,0
DA:111,0
DA:112,0
DA:113,0
DA:116,0
DA:118,0
DA:119,0
DA:120,0
DA:125,0
DA:126,0
DA:129,0
DA:130,0
DA:148,0
DA:149,0
DA:157,0
DA:159,0
DA:180,0
DA:240,0
LF:65
LH:0
BRDA:33,0,0,0
BRDA:33,0,1,0
BRDA:33,0,2,0
BRDA:44,1,0,0
BRDA:44,1,1,0
BRDA:44,1,2,0
BRDA:44,1,3,0
BRDA:53,2,0,0
BRDA:53,2,1,0
BRDA:53,2,2,0
BRDA:77,3,0,0
BRDA:77,3,1,0
BRDA:93,4,0,0
BRDA:93,4,1,0
BRDA:95,5,0,0
BRDA:95,5,1,0
BRDA:96,6,0,0
BRDA:96,6,1,0
BRDA:97,7,0,0
BRDA:97,7,1,0
BRDA:98,8,0,0
BRDA:98,8,1,0
BRDA:99,9,0,0
BRDA:99,9,1,0
BRDA:110,10,0,0
BRDA:110,10,1,0
BRDA:112,11,0,0
BRDA:112,11,1,0
BRDA:116,12,0,0
BRDA:116,12,1,0
BRDA:118,13,0,0
BRDA:118,13,1,0
BRDA:129,14,0,0
BRDA:129,14,1,0
BRDA:148,15,0,0
BRDA:148,15,1,0
BRDA:157,16,0,0
BRDA:157,16,1,0
BRDA:169,17,0,0
BRDA:169,17,1,0
BRDA:177,18,0,0
BRDA:177,18,1,0
BRDA:194,19,0,0
BRDA:194,19,1,0
BRDA:194,19,2,0
BRDA:206,20,0,0
BRDA:206,20,1,0
BRDA:235,21,0,0
BRDA:235,21,1,0
BRF:49
BRH:0
end_of_record
TN:
SF:src/renderer/src/components/pr-station/PRStationDiff.tsx
FN:15,PRStationDiff
FN:26,(anonymous_1)
FN:28,(anonymous_2)
FN:29,(anonymous_3)
FN:31,(anonymous_4)
FN:46,(anonymous_5)
FN:51,(anonymous_6)
FN:52,(anonymous_7)
FN:55,(anonymous_8)
FN:56,(anonymous_9)
FN:70,(anonymous_10)
FN:76,(anonymous_11)
FN:77,(anonymous_12)
FN:87,(anonymous_13)
FN:93,(anonymous_14)
FN:99,(anonymous_15)
FN:120,(anonymous_16)
FN:121,(anonymous_17)
FN:137,(anonymous_18)
FNF:19
FNH:0
FNDA:0,PRStationDiff
FNDA:0,(anonymous_1)
FNDA:0,(anonymous_2)
FNDA:0,(anonymous_3)
FNDA:0,(anonymous_4)
FNDA:0,(anonymous_5)
FNDA:0,(anonymous_6)
FNDA:0,(anonymous_7)
FNDA:0,(anonymous_8)
FNDA:0,(anonymous_9)
FNDA:0,(anonymous_10)
FNDA:0,(anonymous_11)
FNDA:0,(anonymous_12)
FNDA:0,(anonymous_13)
FNDA:0,(anonymous_14)
FNDA:0,(anonymous_15)
FNDA:0,(anonymous_16)
FNDA:0,(anonymous_17)
FNDA:0,(anonymous_18)
DA:13,0
DA:16,0
DA:17,0
DA:18,0
DA:19,0
DA:20,0
DA:21,0
DA:24,0
DA:25,0
DA:26,0
DA:28,0
DA:29,0
DA:31,0
DA:32,0
DA:43,0
DA:44,0
DA:46,0
DA:47,0
DA:48,0
DA:49,0
DA:50,0
DA:51,0
DA:52,0
DA:55,0
DA:56,0
DA:57,0
DA:58,0
DA:59,0
DA:60,0
DA:62,0
DA:63,0
DA:64,0
DA:65,0
DA:66,0
DA:67,0
DA:69,0
DA:71,0
DA:72,0
DA:75,0
DA:76,0
DA:77,0
DA:79,0
DA:80,0
DA:81,0
DA:82,0
DA:85,0
DA:88,0
DA:89,0
DA:90,0
DA:93,0
DA:94,0
DA:95,0
DA:99,0
DA:100,0
DA:101,0
DA:102,0
DA:105,0
DA:106,0
DA:114,0
DA:116,0
DA:117,0
DA:120,0
DA:121,0
DA:123,0
DA:137,0
LF:65
LH:0
BRDA:26,0,0,0
BRDA:26,0,1,0
BRDA:37,1,0,0
BRDA:37,1,1,0
BRDA:38,2,0,0
BRDA:38,2,1,0
BRDA:52,3,0,0
BRDA:52,3,1,0
BRDA:57,4,0,0
BRDA:57,4,1,0
BRDA:71,5,0,0
BRDA:71,5,1,0
BRDA:76,6,0,0
BRDA:76,6,1,0
BRDA:77,7,0,0
BRDA:77,7,1,0
BRDA:79,8,0,0
BRDA:79,8,1,0
BRDA:88,9,0,0
BRDA:88,9,1,0
BRDA:88,10,0,0
BRDA:88,10,1,0
BRDA:88,11,0,0
BRDA:88,11,1,0
BRDA:89,12,0,0
BRDA:89,12,1,0
BRDA:102,13,0,0
BRDA:102,13,1,0
BRDA:105,14,0,0
BRDA:105,14,1,0
BRDA:114,15,0,0
BRDA:114,15,1,0
BRDA:116,16,0,0
BRDA:116,16,1,0
BRF:34
BRH:0
end_of_record
TN:
SF:src/renderer/src/components/pr-station/PRStationFilters.tsx
FN:20,PRStationFilters
FN:21,handleRepoClick
FN:25,handleSortChange
FN:34,(anonymous_3)
FN:39,(anonymous_4)
FN:43,(anonymous_5)
FN:63,(anonymous_6)
FNF:7
FNH:0
FNDA:0,PRStationFilters
FNDA:0,handleRepoClick
FNDA:0,handleSortChange
FNDA:0,(anonymous_3)
FNDA:0,(anonymous_4)
FNDA:0,(anonymous_5)
FNDA:0,(anonymous_6)
DA:14,0
DA:22,0
DA:26,0
DA:29,0
DA:34,0
DA:40,0
DA:43,0
DA:64,0
LF:8
LH:0
BRDA:33,0,0,0
BRDA:33,0,1,0
BRDA:42,1,0,0
BRDA:42,1,1,0
BRF:4
BRH:0
end_of_record
TN:
SF:src/renderer/src/components/pr-station/PRStationList.tsx
FN:19,(anonymous_0)
FN:22,CIBadge
FN:47,PRStationList
FN:54,(anonymous_3)
FN:62,(anonymous_4)
FN:69,(anonymous_5)
FN:79,(anonymous_6)
FN:93,(anonymous_7)
FN:96,(anonymous_8)
FN:96,(anonymous_9)
FN:102,(anonymous_10)
FNF:11
FNH:0
FNDA:0,(anonymous_0)
FNDA:0,CIBadge
FNDA:0,PRStationList
FNDA:0,(anonymous_3)
FNDA:0,(anonymous_4)
FNDA:0,(anonymous_5)
FNDA:0,(anonymous_6)
FNDA:0,(anonymous_7)
FNDA:0,(anonymous_8)
FNDA:0,(anonymous_9)
FNDA:0,(anonymous_10)
DA:18,0
DA:19,0
DA:23,0
DA:24,0
DA:26,0
DA:27,0
DA:33,0
DA:34,0
DA:40,0
DA:48,0
DA:49,0
DA:50,0
DA:52,0
DA:54,0
DA:55,0
DA:56,0
DA:57,0
DA:58,0
DA:62,0
DA:64,0
DA:66,0
DA:69,0
DA:70,0
DA:71,0
DA:74,0
DA:79,0
DA:93,0
DA:96,0
DA:97,0
DA:98,0
DA:102,0
LF:31
LH:0
BRDA:23,0,0,0
BRDA:23,0,1,0
BRDA:23,1,0,0
BRDA:23,1,1,0
BRDA:26,2,0,0
BRDA:26,2,1,0
BRDA:33,3,0,0
BRDA:33,3,1,0
BRDA:52,4,0,0
BRDA:52,4,1,0
BRDA:87,5,0,0
BRDA:87,5,1,0
BRDA:87,6,0,0
BRDA:87,6,1,0
BRDA:93,7,0,0
BRDA:93,7,1,0
BRDA:97,8,0,0
BRDA:97,8,1,0
BRDA:101,9,0,0
BRDA:101,9,1,0
BRDA:107,10,0,0
BRDA:107,10,1,0
BRDA:112,11,0,0
BRDA:112,11,1,0
BRF:24
BRH:0
end_of_record
TN:
SF:src/renderer/src/components/pr-station/PRStationReviews.tsx
FN:11,ReviewStateBadge
FN:43,latestReviewPerUser
FN:55,PRStationReviews
FN:86,(anonymous_3)
FNF:4
FNH:0
FNDA:0,ReviewStateBadge
FNDA:0,latestReviewPerUser
FNDA:0,PRStationReviews
FNDA:0,(anonymous_3)
DA:12,0
DA:14,0
DA:20,0
DA:26,0
DA:32,0
DA:38,0
DA:44,0
DA:45,0
DA:46,0
DA:47,0
DA:48,0
DA:49,0
DA:52,0
DA:56,0
DA:57,0
DA:68,0
DA:70,0
DA:71,0
DA:79,0
DA:87,0
LF:20
LH:0
BRDA:12,0,0,0
BRDA:12,0,1,0
BRDA:12,0,2,0
BRDA:12,0,3,0
BRDA:12,0,4,0
BRDA:46,1,0,0
BRDA:46,1,1,0
BRDA:48,2,0,0
BRDA:48,2,1,0
BRDA:48,3,0,0
BRDA:48,3,1,0
BRDA:56,4,0,0
BRDA:56,4,1,0
BRDA:70,5,0,0
BRDA:70,5,1,0
BRDA:93,6,0,0
BRDA:93,6,1,0
BRF:17
BRH:0
end_of_record
TN:
SF:src/renderer/src/components/pr-station/ReviewSubmitDialog.tsx
FN:20,ReviewSubmitDialog
FN:24,(anonymous_1)
FN:25,(anonymous_2)
FN:27,(anonymous_3)
FN:29,(anonymous_4)
FN:36,(anonymous_5)
FN:65,(anonymous_6)
FN:71,(anonymous_7)
FN:77,(anonymous_8)
FN:84,(anonymous_9)
FNF:10
FNH:0
FNDA:0,ReviewSubmitDialog
FNDA:0,(anonymous_1)
FNDA:0,(anonymous_2)
FNDA:0,(anonymous_3)
FNDA:0,(anonymous_4)
FNDA:0,(anonymous_5)
FNDA:0,(anonymous_6)
FNDA:0,(anonymous_7)
FNDA:0,(anonymous_8)
FNDA:0,(anonymous_9)
DA:18,0
DA:21,0
DA:22,0
DA:23,0
DA:24,0
DA:25,0
DA:27,0
DA:29,0
DA:30,0
DA:31,0
DA:32,0
DA:33,0
DA:36,0
DA:45,0
DA:46,0
DA:47,0
DA:48,0
DA:49,0
DA:51,0
DA:53,0
DA:57,0
DA:63,0
DA:65,0
DA:71,0
DA:78,0
DA:84,0
LF:26
LH:0
BRDA:24,0,0,0
BRDA:24,0,1,0
BRDA:30,1,0,0
BRDA:30,1,1,0
BRDA:35,2,0,0
BRDA:35,2,1,0
BRDA:40,3,0,0
BRDA:40,3,1,0
BRDA:41,4,0,0
BRDA:41,4,1,0
BRDA:51,5,0,0
BRDA:51,5,1,0
BRDA:94,6,0,0
BRDA:94,6,1,0
BRDA:96,7,0,0
BRDA:96,7,1,0
BRF:16
BRH:0
end_of_record
TN:
SF:src/renderer/src/components/settings/AboutSection.tsx
FN:10,AboutSection
FN:25,(anonymous_1)
FNF:2
FNH:0
FNDA:0,AboutSection
FNDA:0,(anonymous_1)
DA:7,0
DA:8,0
DA:11,0
DA:25,0
LF:4
LH:0
BRF:0
BRH:0
end_of_record
TN:
SF:src/renderer/src/components/settings/AgentManagerSection.tsx
FN:15,AgentManagerSection
FN:24,(anonymous_1)
FN:25,loadSettings
FN:42,(anonymous_3)
FN:61,markDirty
FN:77,(anonymous_5)
FN:90,(anonymous_6)
FN:104,(anonymous_7)
FN:119,(anonymous_8)
FN:131,(anonymous_9)
FNF:10
FNH:0
FNDA:0,AgentManagerSection
FNDA:0,(anonymous_1)
FNDA:0,loadSettings
FNDA:0,(anonymous_3)
FNDA:0,markDirty
FNDA:0,(anonymous_5)
FNDA:0,(anonymous_6)
FNDA:0,(anonymous_7)
FNDA:0,(anonymous_8)
FNDA:0,(anonymous_9)
DA:9,0
DA:10,0
DA:11,0
DA:12,0
DA:13,0
DA:16,0
DA:17,0
DA:18,0
DA:19,0
DA:20,0
DA:21,0
DA:22,0
DA:24,0
DA:26,0
DA:33,0
DA:34,0
DA:35,0
DA:36,0
DA:37,0
DA:39,0
DA:42,0
DA:43,0
DA:44,0
DA:45,0
DA:52,0
DA:53,0
DA:55,0
DA:57,0
DA:62,0
DA:65,0
DA:78,0
DA:79,0
DA:91,0
DA:92,0
DA:105,0
DA:106,0
DA:120,0
DA:121,0
DA:132,0
DA:133,0
LF:40
LH:0
BRDA:33,0,0,0
BRDA:33,0,1,0
BRDA:34,1,0,0
BRDA:34,1,1,0
BRDA:34,2,0,0
BRDA:34,2,1,0
BRDA:35,3,0,0
BRDA:35,3,1,0
BRDA:35,4,0,0
BRDA:35,4,1,0
BRDA:36,5,0,0
BRDA:36,5,1,0
BRDA:37,6,0,0
BRDA:37,6,1,0
BRDA:147,7,0,0
BRDA:147,7,1,0
BRDA:151,8,0,0
BRDA:151,8,1,0
BRF:18
BRH:0
end_of_record
TN:
SF:src/renderer/src/components/settings/AgentRuntimeSection.tsx
FN:14,AgentRuntimeSection
FN:20,(anonymous_1)
FN:21,(anonymous_2)
FN:27,(anonymous_3)
FN:53,(anonymous_4)
FN:63,(anonymous_5)
FN:65,(anonymous_6)
FNF:7
FNH:0
FNDA:0,AgentRuntimeSection
FNDA:0,(anonymous_1)
FNDA:0,(anonymous_2)
FNDA:0,(anonymous_3)
FNDA:0,(anonymous_4)
FNDA:0,(anonymous_5)
FNDA:0,(anonymous_6)
DA:8,0
DA:15,0
DA:16,0
DA:17,0
DA:18,0
DA:20,0
DA:21,0
DA:22,0
DA:23,0
DA:27,0
DA:28,0
DA:29,0
DA:30,0
DA:34,0
DA:35,0
DA:37,0
DA:39,0
DA:43,0
DA:53,0
DA:63,0
DA:66,0
LF:21
LH:0
BRDA:22,0,0,0
BRDA:22,0,1,0
BRDA:23,1,0,0
BRDA:23,1,1,0
BRDA:78,2,0,0
BRDA:78,2,1,0
BRDA:78,2,2,0
BRDA:82,3,0,0
BRDA:82,3,1,0
BRF:9
BRH:0
end_of_record
TN:
SF:src/renderer/src/components/settings/AppearanceSection.tsx
FN:16,useAccentColor
FN:18,(anonymous_1)
FN:21,(anonymous_2)
FN:27,(anonymous_3)
FN:37,AppearanceSection
FN:39,(anonymous_5)
FN:40,(anonymous_6)
FN:50,(anonymous_7)
FN:55,(anonymous_8)
FN:63,(anonymous_9)
FN:68,(anonymous_10)
FNF:11
FNH:0
FNDA:0,useAccentColor
FNDA:0,(anonymous_1)
FNDA:0,(anonymous_2)
FNDA:0,(anonymous_3)
FNDA:0,AppearanceSection
FNDA:0,(anonymous_5)
FNDA:0,(anonymous_6)
FNDA:0,(anonymous_7)
FNDA:0,(anonymous_8)
FNDA:0,(anonymous_9)
FNDA:0,(anonymous_10)
DA:7,0
DA:17,0
DA:18,0
DA:21,0
DA:22,0
DA:23,0
DA:24,0
DA:27,0
DA:28,0
DA:29,0
DA:30,0
DA:34,0
DA:38,0
DA:39,0
DA:40,0
DA:42,0
DA:50,0
DA:55,0
DA:64,0
DA:68,0
LF:20
LH:0
BRDA:18,0,0,0
BRDA:18,0,1,0
BRDA:29,1,0,0
BRDA:29,1,1,0
BRDA:49,2,0,0
BRDA:49,2,1,0
BRDA:54,3,0,0
BRDA:54,3,1,0
BRDA:66,4,0,0
BRDA:66,4,1,0
BRF:10
BRH:0
end_of_record
TN:
SF:src/renderer/src/components/settings/ConnectionsSection.tsx
FN:36,formatExpiry
FN:44,ConnectionsSection
FN:49,(anonymous_2)
FN:61,(anonymous_3)
FN:68,(anonymous_4)
FN:73,(anonymous_5)
FN:83,(anonymous_6)
FN:84,(anonymous_7)
FN:90,(anonymous_8)
FN:114,(anonymous_9)
FN:115,(anonymous_10)
FN:120,(anonymous_11)
FN:126,(anonymous_12)
FN:135,(anonymous_13)
FN:212,(anonymous_14)
FN:222,(anonymous_15)
FN:235,(anonymous_16)
FNF:17
FNH:0
FNDA:0,formatExpiry
FNDA:0,ConnectionsSection
FNDA:0,(anonymous_2)
FNDA:0,(anonymous_3)
FNDA:0,(anonymous_4)
FNDA:0,(anonymous_5)
FNDA:0,(anonymous_6)
FNDA:0,(anonymous_7)
FNDA:0,(anonymous_8)
FNDA:0,(anonymous_9)
FNDA:0,(anonymous_10)
FNDA:0,(anonymous_11)
FNDA:0,(anonymous_12)
FNDA:0,(anonymous_13)
FNDA:0,(anonymous_14)
FNDA:0,(anonymous_15)
FNDA:0,(anonymous_16)
DA:26,0
DA:32,0
DA:37,0
DA:38,0
DA:40,0
DA:46,0
DA:47,0
DA:49,0
DA:50,0
DA:51,0
DA:52,0
DA:53,0
DA:55,0
DA:57,0
DA:61,0
DA:64,0
DA:65,0
DA:66,0
DA:68,0
DA:69,0
DA:74,0
DA:82,0
DA:84,0
DA:85,0
DA:90,0
DA:91,0
DA:92,0
DA:93,0
DA:98,0
DA:99,0
DA:101,0
DA:103,0
DA:108,0
DA:109,0
DA:110,0
DA:111,0
DA:112,0
DA:114,0
DA:115,0
DA:116,0
DA:120,0
DA:121,0
DA:122,0
DA:123,0
DA:126,0
DA:127,0
DA:128,0
DA:129,0
DA:130,0
DA:131,0
DA:132,0
DA:135,0
DA:136,0
DA:137,0
DA:138,0
DA:139,0
DA:140,0
DA:141,0
DA:142,0
DA:144,0
DA:147,0
DA:148,0
DA:150,0
DA:155,0
DA:156,0
DA:157,0
DA:158,0
DA:159,0
DA:160,0
DA:161,0
DA:162,0
DA:163,0
DA:167,0
DA:212,0
DA:222,0
DA:235,0
LF:76
LH:0
BRDA:75,0,0,0
BRDA:75,0,1,0
BRDA:76,1,0,0
BRDA:76,1,1,0
BRDA:77,2,0,0
BRDA:77,2,1,0
BRDA:127,3,0,0
BRDA:127,3,1,0
BRDA:140,4,0,0
BRDA:140,4,1,0
BRDA:141,5,0,0
BRDA:141,5,1,0
BRDA:157,6,0,0
BRDA:157,6,1,0
BRDA:158,7,0,0
BRDA:158,7,1,0
BRDA:158,8,0,0
BRDA:158,8,1,0
BRDA:161,9,0,0
BRDA:161,9,1,0
BRDA:161,10,0,0
BRDA:161,10,1,0
BRDA:178,11,0,0
BRDA:178,11,1,0
BRDA:246,12,0,0
BRDA:246,12,1,0
BRDA:250,13,0,0
BRDA:250,13,1,0
BRDA:266,14,0,0
BRDA:266,14,1,0
BRDA:267,15,0,0
BRDA:267,15,1,0
BRDA:267,15,2,0
BRF:33
BRH:0
end_of_record
TN:
SF:src/renderer/src/components/settings/CredentialForm.tsx
FN:38,CredentialForm
FN:56,(anonymous_1)
FN:57,(anonymous_2)
FN:60,(anonymous_3)
FN:73,(anonymous_4)
FN:85,(anonymous_5)
FN:96,(anonymous_6)
FN:109,(anonymous_7)
FNF:8
FNH:0
FNDA:0,CredentialForm
FNDA:0,(anonymous_1)
FNDA:0,(anonymous_2)
FNDA:0,(anonymous_3)
FNDA:0,(anonymous_4)
FNDA:0,(anonymous_5)
FNDA:0,(anonymous_6)
FNDA:0,(anonymous_7)
DA:54,0
DA:56,0
DA:57,0
DA:60,0
DA:61,0
DA:62,0
DA:63,0
DA:65,0
DA:69,0
DA:74,0
DA:85,0
DA:96,0
DA:109,0
LF:13
LH:0
BRDA:77,0,0,0
BRDA:77,0,1,0
BRDA:79,1,0,0
BRDA:79,1,1,0
BRDA:83,2,0,0
BRDA:83,2,1,0
BRDA:84,3,0,0
BRDA:84,3,1,0
BRDA:87,4,0,0
BRDA:87,4,1,0
BRDA:88,5,0,0
BRDA:88,5,1,0
BRDA:89,6,0,0
BRDA:89,6,1,0
BRDA:97,7,0,0
BRDA:97,7,1,0
BRDA:98,8,0,0
BRDA:98,8,1,0
BRDA:101,9,0,0
BRDA:101,9,1,0
BRDA:108,10,0,0
BRDA:108,10,1,0
BRDA:110,11,0,0
BRDA:110,11,1,0
BRDA:117,12,0,0
BRDA:117,12,1,0
BRDA:123,13,0,0
BRDA:123,13,1,0
BRDA:129,14,0,0
BRDA:129,14,1,0
BRDA:135,15,0,0
BRDA:135,15,1,0
BRDA:136,16,0,0
BRDA:136,16,1,0
BRDA:137,17,0,0
BRDA:137,17,1,0
BRDA:146,18,0,0
BRDA:146,18,1,0
BRDA:146,18,2,0
BRF:39
BRH:0
end_of_record
TN:
SF:src/renderer/src/components/settings/RepositoriesSection.tsx
FN:22,RepositoriesSection
FN:31,(anonymous_1)
FN:32,(anonymous_2)
FN:37,(anonymous_3)
FN:43,(anonymous_4)
FN:44,(anonymous_5)
FN:51,(anonymous_6)
FN:73,(anonymous_7)
FN:82,(anonymous_8)
FN:98,(anonymous_9)
FN:119,(anonymous_10)
FN:126,(anonymous_11)
FN:138,(anonymous_12)
FN:144,(anonymous_13)
FN:149,(anonymous_14)
FN:154,(anonymous_15)
FN:160,(anonymous_16)
FN:179,(anonymous_17)
FNF:18
FNH:0
FNDA:0,RepositoriesSection
FNDA:0,(anonymous_1)
FNDA:0,(anonymous_2)
FNDA:0,(anonymous_3)
FNDA:0,(anonymous_4)
FNDA:0,(anonymous_5)
FNDA:0,(anonymous_6)
FNDA:0,(anonymous_7)
FNDA:0,(anonymous_8)
FNDA:0,(anonymous_9)
FNDA:0,(anonymous_10)
FNDA:0,(anonymous_11)
FNDA:0,(anonymous_12)
FNDA:0,(anonymous_13)
FNDA:0,(anonymous_14)
FNDA:0,(anonymous_15)
FNDA:0,(anonymous_16)
FNDA:0,(anonymous_17)
DA:9,0
DA:23,0
DA:24,0
DA:25,0
DA:26,0
DA:27,0
DA:28,0
DA:29,0
DA:31,0
DA:32,0
DA:33,0
DA:37,0
DA:38,0
DA:39,0
DA:42,0
DA:44,0
DA:45,0
DA:46,0
DA:51,0
DA:52,0
DA:53,0
DA:63,0
DA:64,0
DA:65,0
DA:66,0
DA:67,0
DA:68,0
DA:69,0
DA:70,0
DA:73,0
DA:74,0
DA:75,0
DA:78,0
DA:83,0
DA:98,0
DA:119,0
DA:126,0
DA:138,0
DA:144,0
DA:150,0
DA:154,0
DA:160,0
DA:179,0
LF:43
LH:0
BRDA:33,0,0,0
BRDA:33,0,1,0
BRDA:52,1,0,0
BRDA:52,1,1,0
BRDA:52,2,0,0
BRDA:52,2,1,0
BRDA:58,3,0,0
BRDA:58,3,1,0
BRDA:59,4,0,0
BRDA:59,4,1,0
BRDA:75,5,0,0
BRDA:75,5,1,0
BRDA:86,6,0,0
BRDA:86,6,1,0
BRDA:90,7,0,0
BRDA:90,7,1,0
BRDA:90,7,2,0
BRDA:107,8,0,0
BRDA:107,8,1,0
BRDA:107,8,2,0
BRDA:112,9,0,0
BRDA:112,9,1,0
BRDA:152,10,0,0
BRDA:152,10,1,0
BRDA:167,11,0,0
BRDA:167,11,1,0
BRF:26
BRH:0
end_of_record
TN:
SF:src/renderer/src/components/settings/TaskTemplatesSection.tsx
FN:10,TaskTemplatesSection
FN:14,(anonymous_1)
FN:15,(anonymous_2)
FN:21,(anonymous_3)
FN:28,(anonymous_4)
FN:36,(anonymous_5)
FN:43,(anonymous_6)
FN:50,(anonymous_7)
FN:71,(anonymous_8)
FN:79,(anonymous_9)
FN:87,(anonymous_10)
FN:99,(anonymous_11)
FNF:12
FNH:0
FNDA:0,TaskTemplatesSection
FNDA:0,(anonymous_1)
FNDA:0,(anonymous_2)
FNDA:0,(anonymous_3)
FNDA:0,(anonymous_4)
FNDA:0,(anonymous_5)
FNDA:0,(anonymous_6)
FNDA:0,(anonymous_7)
FNDA:0,(anonymous_8)
FNDA:0,(anonymous_9)
FNDA:0,(anonymous_10)
FNDA:0,(anonymous_11)
DA:11,0
DA:12,0
DA:14,0
DA:15,0
DA:16,0
DA:17,0
DA:21,0
DA:22,0
DA:23,0
DA:24,0
DA:27,0
DA:29,0
DA:30,0
DA:35,0
DA:37,0
DA:38,0
DA:43,0
DA:44,0
DA:45,0
DA:46,0
DA:49,0
DA:51,0
DA:52,0
DA:53,0
DA:54,0
DA:56,0
DA:57,0
DA:59,0
DA:60,0
DA:65,0
DA:67,0
DA:72,0
DA:79,0
DA:87,0
DA:99,0
LF:35
LH:0
BRDA:52,0,0,0
BRDA:52,0,1,0
BRDA:65,1,0,0
BRDA:65,1,1,0
BRDA:81,2,0,0
BRDA:81,2,1,0
BRDA:88,3,0,0
BRDA:88,3,1,0
BRDA:89,4,0,0
BRDA:89,4,1,0
BRDA:92,5,0,0
BRDA:92,5,1,0
BRDA:104,6,0,0
BRDA:104,6,1,0
BRF:14
BRH:0
end_of_record
TN:
SF:src/renderer/src/components/sprint/AgentStatusChip.tsx
FN:11,AgentStatusChip
FNF:1
FNH:0
FNDA:0,AgentStatusChip
DA:12,0
DA:16,0
LF:2
LH:0
BRDA:12,0,0,0
BRDA:12,0,1,0
BRDA:13,1,0,0
BRDA:13,1,1,0
BRDA:19,2,0,0
BRDA:19,2,1,0
BRDA:19,3,0,0
BRDA:19,3,1,0
BRDA:21,4,0,0
BRDA:21,4,1,0
BRDA:23,5,0,0
BRDA:23,5,1,0
BRF:12
BRH:0
end_of_record
TN:
SF:src/renderer/src/components/sprint/BulkActionBar.tsx
FN:12,BulkActionBar
FN:26,(anonymous_1)
FN:31,(anonymous_2)
[...]
FNH:0
FNDA:0,formatCost
FNDA:0,formatTokens
FNDA:0,formatDuration
FNDA:0,formatDate
FNDA:0,cacheHitPct
FNDA:0,costTier
FNDA:0,truncate
FNDA:0,ClaudeCodePanel
FNDA:0,TaskTable
FNDA:0,(anonymous_9)
FNDA:0,(anonymous_10)
FNDA:0,(anonymous_11)
FNDA:0,(anonymous_12)
FNDA:0,(anonymous_13)
FNDA:0,(anonymous_14)
FNDA:0,(anonymous_15)
FNDA:0,exportCsv
FNDA:0,(anonymous_17)
FNDA:0,CostView
FNDA:0,(anonymous_19)
FNDA:0,(anonymous_20)
FNDA:0,(anonymous_21)
FNDA:0,(anonymous_22)
FNDA:0,(anonymous_23)
FNDA:0,(anonymous_24)
FNDA:0,(anonymous_25)
FNDA:0,(anonymous_26)
DA:20,0
DA:21,0
DA:22,0
DA:26,0
DA:27,0
DA:28,0
DA:29,0
DA:33,0
DA:34,0
DA:35,0
DA:36,0
DA:37,0
DA:38,0
DA:42,0
DA:43,0
DA:47,0
DA:48,0
DA:49,0
DA:50,0
DA:51,0
DA:52,0
DA:56,0
DA:57,0
DA:58,0
DA:59,0
DA:63,0
DA:69,0
DA:121,0
DA:123,0
DA:129,0
DA:132,0
DA:139,0
DA:146,0
DA:147,0
DA:148,0
DA:152,0
DA:170,0
DA:171,0
DA:172,0
DA:194,0
DA:195,0
DA:196,0
DA:197,0
DA:198,0
DA:199,0
DA:201,0
DA:202,0
DA:208,0
DA:209,0
DA:210,0
DA:211,0
DA:212,0
DA:213,0
DA:214,0
DA:216,0
DA:217,0
DA:218,0
DA:222,0
DA:223,0
DA:225,0
DA:229,0
DA:233,0
DA:234,0
DA:236,0
DA:237,0
DA:238,0
DA:239,0
DA:241,0
DA:242,0
DA:243,0
DA:247,0
DA:248,0
DA:249,0
DA:250,0
DA:253,0
DA:254,0
DA:261,0
DA:262,0
DA:278,0
LF:79
LH:0
BRDA:20,0,0,0
BRDA:20,0,1,0
BRDA:20,1,0,0
BRDA:20,1,1,0
BRDA:21,2,0,0
BRDA:21,2,1,0
BRDA:26,3,0,0
BRDA:26,3,1,0
BRDA:26,4,0,0
BRDA:26,4,1,0
BRDA:27,5,0,0
BRDA:27,5,1,0
BRDA:28,6,0,0
BRDA:28,6,1,0
BRDA:33,7,0,0
BRDA:33,7,1,0
BRDA:33,8,0,0
BRDA:33,8,1,0
BRDA:35,9,0,0
BRDA:35,9,1,0
BRDA:47,10,0,0
BRDA:47,10,1,0
BRDA:48,11,0,0
BRDA:48,11,1,0
BRDA:50,12,0,0
BRDA:50,12,1,0
BRDA:50,13,0,0
BRDA:50,13,1,0
BRDA:52,14,0,0
BRDA:52,14,1,0
BRDA:56,15,0,0
BRDA:56,15,1,0
BRDA:56,16,0,0
BRDA:56,16,1,0
BRDA:57,17,0,0
BRDA:57,17,1,0
BRDA:58,18,0,0
BRDA:58,18,1,0
BRDA:63,19,0,0
BRDA:63,19,1,0
BRDA:88,20,0,0
BRDA:88,20,1,0
BRDA:92,21,0,0
BRDA:92,21,1,0
BRDA:121,22,0,0
BRDA:121,22,1,0
BRDA:154,23,0,0
BRDA:154,23,1,0
BRDA:155,24,0,0
BRDA:155,24,1,0
BRDA:159,25,0,0
BRDA:159,25,1,0
BRDA:160,26,0,0
BRDA:160,26,1,0
BRDA:162,27,0,0
BRDA:162,27,1,0
BRDA:165,28,0,0
BRDA:165,28,1,0
BRDA:197,29,0,0
BRDA:197,29,1,0
BRDA:199,30,0,0
BRDA:199,30,1,0
BRDA:199,31,0,0
BRDA:199,31,1,0
BRDA:199,32,0,0
BRDA:199,32,1,0
BRDA:199,33,0,0
BRDA:199,33,1,0
BRDA:199,34,0,0
BRDA:199,34,1,0
BRDA:199,35,0,0
BRDA:199,35,1,0
BRDA:199,36,0,0
BRDA:199,36,1,0
BRDA:238,37,0,0
BRDA:238,37,1,0
BRDA:241,38,0,0
BRDA:241,38,1,0
BRDA:242,39,0,0
BRDA:242,39,1,0
BRDA:261,40,0,0
BRDA:261,40,1,0
BRDA:263,41,0,0
BRDA:263,41,1,0
BRDA:279,42,0,0
BRDA:279,42,1,0
BRDA:288,43,0,0
BRDA:288,43,1,0
BRDA:295,44,0,0
BRDA:295,44,1,0
BRDA:298,45,0,0
BRDA:298,45,1,0
BRF:92
BRH:0
end_of_record
TN:
SF:src/renderer/src/views/DashboardView.tsx
FN:21,DashboardView
FN:23,(anonymous_1)
FN:24,(anonymous_2)
FN:31,(anonymous_3)
FN:32,(anonymous_4)
FN:33,(anonymous_5)
FN:34,(anonymous_6)
FN:35,(anonymous_7)
FN:41,(anonymous_8)
FN:51,(anonymous_9)
FN:55,(anonymous_10)
FN:65,(anonymous_11)
FN:72,(anonymous_12)
FN:73,(anonymous_13)
FN:79,(anonymous_14)
FN:83,(anonymous_15)
FN:86,(anonymous_16)
FN:99,(anonymous_17)
FN:100,(anonymous_18)
FN:106,(anonymous_19)
FN:110,(anonymous_20)
FN:114,(anonymous_21)
FN:115,(anonymous_22)
FNF:23
FNH:14
FNDA:3,DashboardView
FNDA:3,(anonymous_1)
FNDA:3,(anonymous_2)
FNDA:3,(anonymous_3)
FNDA:0,(anonymous_4)
FNDA:0,(anonymous_5)
FNDA:0,(anonymous_6)
FNDA:0,(anonymous_7)
FNDA:3,(anonymous_8)
FNDA:3,(anonymous_9)
FNDA:3,(anonymous_10)
FNDA:0,(anonymous_11)
FNDA:0,(anonymous_12)
FNDA:3,(anonymous_13)
FNDA:3,(anonymous_14)
FNDA:3,(anonymous_15)
FNDA:0,(anonymous_16)
FNDA:0,(anonymous_17)
FNDA:3,(anonymous_18)
FNDA:3,(anonymous_19)
FNDA:3,(anonymous_20)
FNDA:0,(anonymous_21)
FNDA:3,(anonymous_22)
DA:22,3
DA:23,3
DA:24,3
DA:26,3
DA:27,3
DA:28,3
DA:31,3
DA:32,3
DA:33,3
DA:34,3
DA:35,3
DA:36,3
DA:40,3
DA:41,3
DA:51,3
DA:52,3
DA:53,3
DA:56,3
DA:57,3
DA:64,3
DA:65,0
DA:73,3
DA:74,3
DA:79,3
DA:80,3
DA:81,3
DA:84,3
DA:85,3
DA:86,0
DA:100,3
DA:101,3
DA:106,3
DA:107,3
DA:108,3
DA:111,3
DA:112,3
DA:115,3
DA:116,3
DA:120,3
DA:122,3
LF:40
LH:38
BRDA:56,0,0,0
BRDA:56,0,1,3
BRDA:84,1,0,0
BRDA:84,1,1,3
BRDA:90,2,0,0
BRDA:90,2,1,0
BRDA:92,3,0,0
BRDA:92,3,1,0
BRDA:111,4,0,0
BRDA:111,4,1,3
BRDA:112,5,0,3
BRDA:112,5,1,0
BRDA:120,6,0,0
BRDA:120,6,1,3
BRDA:138,7,0,3
BRDA:138,7,1,3
BRDA:139,8,0,3
BRDA:139,8,1,3
BRF:18
BRH:9
end_of_record
TN:
SF:src/renderer/src/views/GitTreeView.tsx
FN:14,GitTreeView
FN:16,(anonymous_1)
FN:17,(anonymous_2)
FN:18,(anonymous_3)
FN:19,(anonymous_4)
FN:20,(anonymous_5)
FN:21,(anonymous_6)
FN:22,(anonymous_7)
FN:23,(anonymous_8)
FN:24,(anonymous_9)
FN:25,(anonymous_10)
FN:26,(anonymous_11)
FN:48,(anonymous_12)
FN:52,(anonymous_13)
FN:59,(anonymous_14)
FN:65,handleRefresh
FN:70,handleRepoChange
FN:74,handleCheckout
FN:76,(anonymous_18)
FN:82,handleSelectFile
FN:87,handleStageFile
FN:92,handleUnstageFile
FN:97,handleStageAll
FN:102,handleUnstageAll
FN:107,handleCommit
FN:112,handlePush
FN:181,(anonymous_26)
FN:216,(anonymous_27)
FN:219,(anonymous_28)
FN:259,(anonymous_29)
FN:271,(anonymous_30)
FNF:31
FNH:0
FNDA:0,GitTreeView
FNDA:0,(anonymous_1)
FNDA:0,(anonymous_2)
FNDA:0,(anonymous_3)
FNDA:0,(anonymous_4)
FNDA:0,(anonymous_5)
FNDA:0,(anonymous_6)
FNDA:0,(anonymous_7)
FNDA:0,(anonymous_8)
FNDA:0,(anonymous_9)
FNDA:0,(anonymous_10)
FNDA:0,(anonymous_11)
FNDA:0,(anonymous_12)
FNDA:0,(anonymous_13)
FNDA:0,(anonymous_14)
FNDA:0,handleRefresh
FNDA:0,handleRepoChange
FNDA:0,handleCheckout
FNDA:0,(anonymous_18)
FNDA:0,handleSelectFile
FNDA:0,handleStageFile
FNDA:0,handleUnstageFile
FNDA:0,handleStageAll
FNDA:0,handleUnstageAll
FNDA:0,handleCommit
FNDA:0,handlePush
FNDA:0,(anonymous_26)
FNDA:0,(anonymous_27)
FNDA:0,(anonymous_28)
FNDA:0,(anonymous_29)
FNDA:0,(anonymous_30)
DA:15,0
DA:16,0
DA:17,0
DA:18,0
DA:19,0
DA:20,0
DA:21,0
DA:22,0
DA:23,0
DA:24,0
DA:25,0
DA:26,0
DA:42,0
DA:45,0
DA:48,0
DA:49,0
DA:52,0
DA:53,0
DA:54,0
DA:55,0
DA:59,0
DA:60,0
DA:63,0
DA:66,0
DA:67,0
DA:71,0
DA:75,0
DA:76,0
DA:77,0
DA:78,0
DA:83,0
DA:84,0
DA:88,0
DA:89,0
DA:93,0
DA:94,0
DA:98,0
DA:99,0
DA:103,0
DA:104,0
DA:108,0
DA:109,0
DA:113,0
DA:114,0
DA:117,0
DA:182,0
DA:217,0
DA:220,0
DA:259,0
DA:271,0
LF:50
LH:0
BRDA:45,0,0,0
BRDA:45,0,1,0
BRDA:45,0,2,0
BRDA:53,1,0,0
BRDA:53,1,1,0
BRDA:60,2,0,0
BRDA:60,2,1,0
BRDA:63,3,0,0
BRDA:63,3,1,0
BRDA:66,4,0,0
BRDA:66,4,1,0
BRDA:75,5,0,0
BRDA:75,5,1,0
BRDA:83,6,0,0
BRDA:83,6,1,0
BRDA:88,7,0,0
BRDA:88,7,1,0
BRDA:93,8,0,0
BRDA:93,8,1,0
BRDA:98,9,0,0
BRDA:98,9,1,0
BRDA:103,10,0,0
BRDA:103,10,1,0
BRDA:108,11,0,0
BRDA:108,11,1,0
BRDA:113,12,0,0
BRDA:113,12,1,0
BRDA:129,13,0,0
BRDA:129,13,1,0
BRDA:165,14,0,0
BRDA:165,14,1,0
BRDA:167,15,0,0
BRDA:167,15,1,0
BRDA:183,16,0,0
BRDA:183,16,1,0
BRDA:211,17,0,0
BRDA:211,17,1,0
BRDA:226,18,0,0
BRDA:226,18,1,0
BRDA:275,19,0,0
BRDA:275,19,1,0
BRDA:275,19,2,0
BRDA:275,19,3,0
BRDA:275,19,4,0
BRF:44
BRH:0
end_of_record
TN:
SF:src/renderer/src/views/IDEView.tsx
FN:17,IDEView
FN:19,(anonymous_1)
FN:20,(anonymous_2)
FN:47,(anonymous_3)
FN:61,(anonymous_4)
FN:69,(anonymous_5)
FN:70,(anonymous_6)
FN:71,(anonymous_7)
FN:72,(anonymous_8)
FN:73,(anonymous_9)
FN:74,(anonymous_10)
FN:75,(anonymous_11)
FN:76,(anonymous_12)
FN:77,(anonymous_13)
FN:80,(anonymous_14)
FN:83,(anonymous_15)
FN:88,(anonymous_16)
FN:88,(anonymous_17)
FN:89,(anonymous_18)
FN:89,(anonymous_19)
FN:92,(anonymous_20)
FN:100,(anonymous_21)
FN:102,(anonymous_22)
FN:106,(anonymous_23)
FN:108,(anonymous_24)
FN:117,(anonymous_25)
FN:122,(anonymous_26)
FN:127,(anonymous_27)
FN:129,(anonymous_28)
FN:138,(anonymous_29)
FN:154,(anonymous_30)
FN:162,(anonymous_31)
FN:169,(anonymous_32)
FN:185,(anonymous_33)
FN:193,(anonymous_34)
FN:200,(anonymous_35)
FN:214,(anonymous_36)
FN:215,(anonymous_37)
FN:222,(anonymous_38)
FN:230,(anonymous_39)
FNF:40
FNH:0
FNDA:0,IDEView
FNDA:0,(anonymous_1)
FNDA:0,(anonymous_2)
FNDA:0,(anonymous_3)
FNDA:0,(anonymous_4)
FNDA:0,(anonymous_5)
FNDA:0,(anonymous_6)
FNDA:0,(anonymous_7)
FNDA:0,(anonymous_8)
FNDA:0,(anonymous_9)
FNDA:0,(anonymous_10)
FNDA:0,(anonymous_11)
FNDA:0,(anonymous_12)
FNDA:0,(anonymous_13)
FNDA:0,(anonymous_14)
FNDA:0,(anonymous_15)
FNDA:0,(anonymous_16)
FNDA:0,(anonymous_17)
FNDA:0,(anonymous_18)
FNDA:0,(anonymous_19)
FNDA:0,(anonymous_20)
FNDA:0,(anonymous_21)
FNDA:0,(anonymous_22)
FNDA:0,(anonymous_23)
FNDA:0,(anonymous_24)
FNDA:0,(anonymous_25)
FNDA:0,(anonymous_26)
FNDA:0,(anonymous_27)
FNDA:0,(anonymous_28)
FNDA:0,(anonymous_29)
FNDA:0,(anonymous_30)
FNDA:0,(anonymous_31)
FNDA:0,(anonymous_32)
FNDA:0,(anonymous_33)
FNDA:0,(anonymous_34)
FNDA:0,(anonymous_35)
FNDA:0,(anonymous_36)
FNDA:0,(anonymous_37)
FNDA:0,(anonymous_38)
FNDA:0,(anonymous_39)
DA:18,0
DA:19,0
DA:20,0
DA:21,0
DA:22,0
DA:23,0
DA:24,0
DA:33,0
DA:34,0
DA:40,0
DA:41,0
DA:42,0
DA:44,0
DA:45,0
DA:47,0
DA:48,0
DA:52,0
DA:55,0
DA:61,0
DA:69,0
DA:70,0
DA:71,0
DA:72,0
DA:73,0
DA:74,0
DA:75,0
DA:76,0
DA:77,0
DA:79,0
DA:80,0
DA:81,0
DA:83,0
DA:84,0
DA:85,0
DA:86,0
DA:87,0
DA:88,0
DA:89,0
DA:92,0
DA:93,0
DA:94,0
DA:95,0
DA:96,0
DA:97,0
DA:100,0
DA:101,0
DA:102,0
DA:103,0
DA:106,0
DA:107,0
DA:108,0
DA:109,0
DA:110,0
DA:111,0
DA:114,0
DA:117,0
DA:118,0
DA:119,0
DA:122,0
DA:123,0
DA:124,0
DA:127,0
DA:128,0
DA:129,0
DA:130,0
DA:131,0
DA:132,0
DA:133,0
DA:134,0
DA:135,0
DA:136,0
DA:137,0
DA:138,0
DA:139,0
DA:140,0
DA:142,0
DA:143,0
DA:144,0
DA:145,0
DA:146,0
DA:149,0
DA:150,0
DA:151,0
DA:152,0
DA:153,0
DA:154,0
DA:155,0
DA:156,0
DA:158,0
DA:159,0
DA:160,0
DA:161,0
DA:162,0
DA:163,0
DA:164,0
DA:166,0
DA:167,0
DA:168,0
DA:169,0
DA:170,0
DA:171,0
DA:173,0
DA:174,0
DA:175,0
DA:178,0
DA:179,0
DA:180,0
DA:181,0
DA:184,0
DA:185,0
DA:190,0
DA:191,0
DA:193,0
DA:199,0
DA:200,0
DA:214,0
DA:215,0
DA:222,0
DA:230,0
LF:119
LH:0
BRDA:23,0,0,0
BRDA:23,0,1,0
BRDA:23,1,0,0
BRDA:23,1,1,0
BRDA:33,2,0,0
BRDA:33,2,1,0
BRDA:35,3,0,0
BRDA:35,3,1,0
BRDA:36,4,0,0
BRDA:36,4,1,0
BRDA:37,5,0,0
BRDA:37,5,1,0
BRDA:38,6,0,0
BRDA:38,6,1,0
BRDA:40,7,0,0
BRDA:40,7,1,0
BRDA:44,8,0,0
BRDA:44,8,1,0
BRDA:48,9,0,0
BRDA:48,9,1,0
BRDA:80,10,0,0
BRDA:80,10,1,0
BRDA:84,11,0,0
BRDA:84,11,1,0
BRDA:86,12,0,0
BRDA:86,12,1,0
BRDA:88,13,0,0
BRDA:88,13,1,0
BRDA:93,14,0,0
BRDA:93,14,1,0
BRDA:95,15,0,0
BRDA:95,15,1,0
BRDA:101,16,0,0
BRDA:101,16,1,0
BRDA:107,17,0,0
BRDA:107,17,1,0
BRDA:109,18,0,0
BRDA:109,18,1,0
BRDA:111,19,0,0
BRDA:111,19,1,0
BRDA:119,20,0,0
BRDA:119,20,1,0
BRDA:128,21,0,0
BRDA:128,21,1,0
BRDA:130,22,0,0
BRDA:130,22,1,0
BRDA:130,23,0,0
BRDA:130,23,1,0
BRDA:131,24,0,0
BRDA:131,24,1,0
BRDA:132,25,0,0
BRDA:132,25,1,0
BRDA:133,26,0,0
BRDA:133,26,1,0
BRDA:134,27,0,0
BRDA:134,27,1,0
BRDA:134,28,0,0
BRDA:134,28,1,0
BRDA:135,29,0,0
BRDA:135,29,1,0
BRDA:136,30,0,0
BRDA:136,30,1,0
BRDA:136,31,0,0
BRDA:136,31,1,0
BRDA:139,32,0,0
BRDA:139,32,1,0
BRDA:142,33,0,0
BRDA:142,33,1,0
BRDA:145,34,0,0
BRDA:145,34,1,0
BRDA:149,35,0,0
BRDA:149,35,1,0
BRDA:150,36,0,0
BRDA:150,36,1,0
BRDA:151,37,0,0
BRDA:151,37,1,0
BRDA:155,38,0,0
BRDA:155,38,1,0
BRDA:158,39,0,0
BRDA:158,39,1,0
BRDA:158,40,0,0
BRDA:158,40,1,0
BRDA:159,41,0,0
BRDA:159,41,1,0
BRDA:159,42,0,0
BRDA:159,42,1,0
BRDA:163,43,0,0
BRDA:163,43,1,0
BRDA:166,44,0,0
BRDA:166,44,1,0
BRDA:166,45,0,0
BRDA:166,45,1,0
BRDA:170,46,0,0
BRDA:170,46,1,0
BRDA:173,47,0,0
BRDA:173,47,1,0
BRDA:173,48,0,0
BRDA:173,48,1,0
BRDA:174,49,0,0
BRDA:174,49,1,0
BRDA:175,50,0,0
BRDA:175,50,1,0
BRDA:178,51,0,0
BRDA:178,51,1,0
BRDA:178,52,0,0
BRDA:178,52,1,0
BRDA:178,52,2,0
BRDA:178,52,3,0
BRDA:181,53,0,0
BRDA:181,53,1,0
BRDA:190,54,0,0
BRDA:190,54,1,0
BRDA:200,55,0,0
BRDA:200,55,1,0
BRDA:202,56,0,0
BRDA:202,56,1,0
BRDA:210,57,0,0
BRDA:210,57,1,0
BRDA:212,58,0,0
BRDA:212,58,1,0
BRDA:218,59,0,0
BRDA:218,59,1,0
BRDA:219,60,0,0
BRDA:219,60,1,0
BRDA:219,61,0,0
BRDA:219,61,1,0
BRDA:220,62,0,0
BRDA:220,62,1,0
BRDA:226,63,0,0
BRDA:226,63,1,0
BRF:130
BRH:0
end_of_record
TN:
SF:src/renderer/src/views/MemoryView.tsx
FN:30,formatRelativeTime
FN:42,formatSize
FN:49,groupFiles
FN:75,MemoryView
FN:95,(anonymous_4)
FN:106,(anonymous_5)
FN:110,(anonymous_6)
FN:127,(anonymous_7)
FN:140,(anonymous_8)
FN:151,(anonymous_9)
FN:155,(anonymous_10)
FN:173,(anonymous_11)
FN:193,(anonymous_12)
FN:198,(anonymous_13)
FN:199,onKeyDown
FN:206,(anonymous_15)
FN:210,(anonymous_16)
FN:212,onBeforeUnload
FN:216,(anonymous_18)
FN:221,(anonymous_19)
FN:230,(anonymous_20)
FN:232,(anonymous_21)
FN:234,(anonymous_22)
FN:241,(anonymous_23)
FN:255,(anonymous_24)
FN:259,(anonymous_25)
FN:276,(anonymous_26)
FN:290,(anonymous_27)
FN:291,(anonymous_28)
FN:311,(anonymous_29)
FN:336,(anonymous_30)
FN:340,(anonymous_31)
FN:347,(anonymous_32)
FN:371,(anonymous_33)
FN:382,(anonymous_34)
FN:385,(anonymous_35)
FN:392,(anonymous_36)
FN:406,(anonymous_37)
FN:416,(anonymous_38)
FN:449,(anonymous_39)
FNF:40
FNH:0
FNDA:0,formatRelativeTime
FNDA:0,formatSize
FNDA:0,groupFiles
FNDA:0,MemoryView
FNDA:0,(anonymous_4)
FNDA:0,(anonymous_5)
FNDA:0,(anonymous_6)
FNDA:0,(anonymous_7)
FNDA:0,(anonymous_8)
FNDA:0,(anonymous_9)
FNDA:0,(anonymous_10)
FNDA:0,(anonymous_11)
FNDA:0,(anonymous_12)
FNDA:0,(anonymous_13)
FNDA:0,onKeyDown
FNDA:0,(anonymous_15)
FNDA:0,(anonymous_16)
FNDA:0,onBeforeUnload
FNDA:0,(anonymous_18)
FNDA:0,(anonymous_19)
FNDA:0,(anonymous_20)
FNDA:0,(anonymous_21)
FNDA:0,(anonymous_22)
FNDA:0,(anonymous_23)
FNDA:0,(anonymous_24)
FNDA:0,(anonymous_25)
FNDA:0,(anonymous_26)
FNDA:0,(anonymous_27)
FNDA:0,(anonymous_28)
FNDA:0,(anonymous_29)
FNDA:0,(anonymous_30)
FNDA:0,(anonymous_31)
FNDA:0,(anonymous_32)
FNDA:0,(anonymous_33)
FNDA:0,(anonymous_34)
FNDA:0,(anonymous_35)
FNDA:0,(anonymous_36)
FNDA:0,(anonymous_37)
FNDA:0,(anonymous_38)
FNDA:0,(anonymous_39)
DA:31,0
DA:32,0
DA:33,0
DA:34,0
DA:35,0
DA:36,0
DA:37,0
DA:38,0
DA:39,0
DA:43,0
DA:44,0
DA:45,0
DA:46,0
DA:50,0
DA:51,0
DA:52,0
DA:53,0
DA:55,0
DA:56,0
DA:57,0
DA:58,0
DA:59,0
DA:60,0
DA:61,0
DA:63,0
DA:67,0
DA:68,0
DA:69,0
DA:70,0
DA:72,0
DA:76,0
DA:77,0
DA:78,0
DA:79,0
DA:80,0
DA:81,0
DA:82,0
DA:83,0
DA:84,0
DA:85,0
DA:86,0
DA:87,0
DA:88,0
DA:89,0
DA:91,0
DA:93,0
DA:95,0
DA:96,0
DA:97,0
DA:98,0
DA:100,0
DA:102,0
DA:106,0
DA:107,0
DA:110,0
DA:111,0
DA:112,0
DA:113,0
DA:114,0
DA:115,0
DA:116,0
DA:118,0
DA:120,0
DA:127,0
DA:128,0
DA:129,0
DA:135,0
DA:137,0
DA:140,0
DA:141,0
DA:142,0
DA:143,0
DA:144,0
DA:145,0
DA:147,0
DA:151,0
DA:152,0
DA:155,0
DA:156,0
DA:157,0
DA:158,0
DA:159,0
DA:160,0
DA:161,0
DA:162,0
DA:163,0
DA:164,0
DA:165,0
DA:167,0
DA:169,0
DA:173,0
DA:174,0
DA:176,0
DA:177,0
DA:178,0
DA:181,0
DA:182,0
DA:183,0
DA:184,0
DA:186,0
DA:187,0
DA:189,0
DA:193,0
DA:194,0
DA:195,0
DA:198,0
DA:200,0
DA:201,0
DA:202,0
DA:205,0
DA:206,0
DA:210,0
DA:211,0
DA:213,0
DA:215,0
DA:216,0
DA:220,0
DA:221,0
DA:222,0
DA:223,0
DA:224,0
DA:225,0
DA:228,0
DA:229,0
DA:230,0
DA:232,0
DA:233,0
DA:234,0
DA:235,0
DA:236,0
DA:237,0
DA:239,0
DA:240,0
DA:241,0
DA:242,0
DA:243,0
DA:244,0
DA:245,0
DA:249,0
DA:250,0
DA:251,0
DA:254,0
DA:255,0
DA:259,0
DA:260,0
DA:261,0
DA:262,0
DA:265,0
DA:276,0
DA:290,0
DA:292,0
DA:293,0
DA:294,0
DA:295,0
DA:311,0
DA:337,0
DA:340,0
DA:348,0
DA:371,0
DA:383,0
DA:386,0
DA:387,0
DA:392,0
DA:407,0
DA:416,0
DA:449,0
LF:166
LH:0
BRDA:33,0,0,0
BRDA:33,0,1,0
BRDA:35,1,0,0
BRDA:35,1,1,0
BRDA:37,2,0,0
BRDA:37,2,1,0
BRDA:43,3,0,0
BRDA:43,3,1,0
BRDA:45,4,0,0
BRDA:45,4,1,0
BRDA:56,5,0,0
BRDA:56,5,1,0
BRDA:58,6,0,0
BRDA:58,6,1,0
BRDA:60,7,0,0
BRDA:60,7,1,0
BRDA:68,8,0,0
BRDA:68,8,1,0
BRDA:69,9,0,0
BRDA:69,9,1,0
BRDA:70,10,0,0
BRDA:70,10,1,0
BRDA:100,11,0,0
BRDA:100,11,1,0
BRDA:118,12,0,0
BRDA:118,12,1,0
BRDA:128,13,0,0
BRDA:128,13,1,0
BRDA:135,14,0,0
BRDA:135,14,1,0
BRDA:141,15,0,0
BRDA:141,15,1,0
BRDA:147,16,0,0
BRDA:147,16,1,0
BRDA:157,17,0,0
BRDA:157,17,1,0
BRDA:158,18,0,0
BRDA:158,18,1,0
BRDA:167,19,0,0
BRDA:167,19,1,0
BRDA:176,20,0,0
BRDA:176,20,1,0
BRDA:186,21,0,0
BRDA:186,21,1,0
BRDA:200,22,0,0
BRDA:200,22,1,0
BRDA:200,23,0,0
BRDA:200,23,1,0
BRDA:200,23,2,0
BRDA:211,24,0,0
BRDA:211,24,1,0
BRDA:223,25,0,0
BRDA:223,25,1,0
BRDA:233,26,0,0
BRDA:233,26,1,0
BRDA:236,27,0,0
BRDA:236,27,1,0
BRDA:236,28,0,0
BRDA:236,28,1,0
BRDA:237,29,0,0
BRDA:237,29,1,0
BRDA:237,30,0,0
BRDA:237,30,1,0
BRDA:237,30,2,0
BRDA:239,31,0,0
BRDA:239,31,1,0
BRDA:239,32,0,0
BRDA:239,32,1,0
BRDA:243,33,0,0
BRDA:243,33,1,0
BRDA:244,34,0,0
BRDA:244,34,1,0
BRDA:244,35,0,0
BRDA:244,35,1,0
BRDA:245,36,0,0
BRDA:245,36,1,0
BRDA:249,37,0,0
BRDA:249,37,1,0
BRDA:249,38,0,0
BRDA:249,38,1,0
BRDA:249,38,2,0
BRDA:260,39,0,0
BRDA:260,39,1,0
BRDA:266,40,0,0
BRDA:266,40,1,0
BRDA:285,41,0,0
BRDA:285,41,1,0
BRDA:292,42,0,0
BRDA:292,42,1,0
BRDA:293,43,0,0
BRDA:293,43,1,0
BRDA:314,44,0,0
BRDA:314,44,1,0
BRDA:328,45,0,0
BRDA:328,45,1,0
BRDA:330,46,0,0
BRDA:330,46,1,0
BRDA:334,47,0,0
BRDA:334,47,1,0
BRDA:339,48,0,0
BRDA:339,48,1,0
BRDA:344,49,0,0
BRDA:344,49,1,0
BRDA:367,50,0,0
BRDA:367,50,1,0
BRDA:369,51,0,0
BRDA:369,51,1,0
BRDA:369,52,0,0
BRDA:369,52,1,0
BRDA:390,53,0,0
BRDA:390,53,1,0
BRDA:390,54,0,0
BRDA:390,54,1,0
BRDA:404,55,0,0
BRDA:404,55,1,0
BRDA:404,55,2,0
BRDA:411,56,0,0
BRDA:411,56,1,0
BRDA:411,56,2,0
BRDA:425,57,0,0
BRDA:425,57,1,0
BRDA:429,58,0,0
BRDA:429,58,1,0
BRDA:434,59,0,0
BRDA:434,59,1,0
BRF:125
BRH:0
end_of_record
TN:
SF:src/renderer/src/views/PRStationView.tsx
FN:21,PRStationView
FN:31,(anonymous_1)
FN:36,(anonymous_2)
FN:36,(anonymous_3)
FN:40,(anonymous_4)
FN:43,(anonymous_5)
FN:47,(anonymous_6)
FN:50,(anonymous_7)
FN:54,(anonymous_8)
FN:63,(anonymous_9)
FN:64,(anonymous_10)
FN:87,(anonymous_11)
FN:101,(anonymous_12)
FN:107,(anonymous_13)
FN:111,(anonymous_14)
FN:114,(anonymous_15)
FN:117,(anonymous_16)
FN:149,(anonymous_17)
FN:155,(anonymous_18)
FN:169,(anonymous_19)
FN:204,(anonymous_20)
FN:205,(anonymous_21)
FN:208,(anonymous_22)
FNF:23
FNH:0
FNDA:0,PRStationView
FNDA:0,(anonymous_1)
FNDA:0,(anonymous_2)
FNDA:0,(anonymous_3)
FNDA:0,(anonymous_4)
FNDA:0,(anonymous_5)
FNDA:0,(anonymous_6)
FNDA:0,(anonymous_7)
FNDA:0,(anonymous_8)
FNDA:0,(anonymous_9)
FNDA:0,(anonymous_10)
FNDA:0,(anonymous_11)
FNDA:0,(anonymous_12)
FNDA:0,(anonymous_13)
FNDA:0,(anonymous_14)
FNDA:0,(anonymous_15)
FNDA:0,(anonymous_16)
FNDA:0,(anonymous_17)
FNDA:0,(anonymous_18)
FNDA:0,(anonymous_19)
FNDA:0,(anonymous_20)
FNDA:0,(anonymous_21)
FNDA:0,(anonymous_22)
DA:22,0
DA:23,0
DA:24,0
DA:25,0
DA:26,0
DA:27,0
DA:28,0
DA:29,0
DA:30,0
DA:31,0
DA:32,0
DA:35,0
DA:36,0
DA:40,0
DA:41,0
DA:42,0
DA:43,0
DA:45,0
DA:46,0
DA:47,0
DA:49,0
DA:50,0
DA:53,0
DA:54,0
DA:57,0
DA:60,0
DA:62,0
DA:64,0
DA:65,0
DA:66,0
DA:68,0
DA:69,0
DA:70,0
DA:71,0
DA:72,0
DA:73,0
DA:76,0
DA:78,0
DA:87,0
DA:88,0
DA:89,0
DA:95,0
DA:98,0
DA:101,0
DA:102,0
DA:103,0
DA:104,0
DA:106,0
DA:107,0
DA:108,0
DA:109,0
DA:110,0
DA:112,0
DA:117,0
DA:118,0
DA:123,0
DA:149,0
DA:155,0
DA:169,0
DA:204,0
DA:206,0
DA:207,0
DA:208,0
LF:63
LH:0
BRDA:30,0,0,0
BRDA:30,0,1,0
BRDA:32,1,0,0
BRDA:32,1,1,0
BRDA:32,2,0,0
BRDA:32,2,1,0
BRDA:42,3,0,0
BRDA:42,3,1,0
BRDA:45,4,0,0
BRDA:45,4,1,0
BRDA:49,5,0,0
BRDA:49,5,1,0
BRDA:68,6,0,0
BRDA:68,6,1,0
BRDA:71,7,0,0
BRDA:71,7,1,0
BRDA:88,8,0,0
BRDA:88,8,1,0
BRDA:88,9,0,0
BRDA:88,9,1,0
BRDA:88,9,2,0
BRDA:91,10,0,0
BRDA:91,10,1,0
BRDA:95,11,0,0
BRDA:95,11,1,0
BRDA:102,12,0,0
BRDA:102,12,1,0
BRDA:108,13,0,0
BRDA:108,13,1,0
BRDA:112,14,0,0
BRDA:112,14,1,0
BRDA:124,15,0,0
BRDA:124,15,1,0
BRDA:140,16,0,0
BRDA:140,16,1,0
BRDA:148,17,0,0
BRDA:148,17,1,0
BRDA:154,18,0,0
BRDA:154,18,1,0
BRDA:161,19,0,0
BRDA:161,19,1,0
BRDA:164,20,0,0
BRDA:164,20,1,0
BRDA:175,21,0,0
BRDA:175,21,1,0
BRDA:200,22,0,0
BRDA:200,22,1,0
BRDA:200,22,2,0
BRF:48
BRH:0
end_of_record
TN:
SF:src/renderer/src/views/SettingsView.tsx
FN:39,SettingsView
FN:50,(anonymous_1)
FN:56,(anonymous_2)
FN:64,(anonymous_3)
FNF:4
FNH:0
FNDA:0,SettingsView
FNDA:0,(anonymous_1)
FNDA:0,(anonymous_2)
FNDA:0,(anonymous_3)
DA:17,0
DA:29,0
DA:40,0
DA:41,0
DA:42,0
DA:44,0
DA:51,0
DA:56,0
DA:64,0
LF:9
LH:0
BRDA:45,0,0,0
BRDA:45,0,1,0
BRDA:55,1,0,0
BRDA:55,1,1,0
BRF:4
BRH:0
end_of_record
TN:
SF:src/renderer/src/views/SprintView.tsx
FN:9,SprintView
FNF:1
FNH:0
FNDA:0,SprintView
DA:10,0
DA:11,0
LF:2
LH:0
BRDA:17,0,0,0
BRDA:17,0,1,0
BRF:2
BRH:0
end_of_record
TN:
SF:src/renderer/src/views/TaskWorkbenchView.tsx
FN:5,TaskWorkbenchView
FNF:1
FNH:0
FNDA:0,TaskWorkbenchView
DA:6,0
DA:7,0
LF:2
LH:0
BRDA:13,0,0,0
BRDA:13,0,1,0
BRF:2
BRH:0
end_of_record
